
[ â€‰â€‰â€…â€…UTCâ€…â€…â€‰â€‰ ] Logs for smart-notification-app.streamlit.app/
â”€â”€â”€â”€â”€â”€â”€â”€â”€â”€â”€â”€â”€â”€â”€â”€â”€â”€â”€â”€â”€â”€â”€â”€â”€â”€â”€â”€â”€â”€â”€â”€â”€â”€â”€â”€â”€â”€â”€â”€â”€â”€â”€â”€â”€â”€â”€â”€â”€â”€â”€â”€â”€â”€â”€â”€â”€â”€â”€â”€â”€â”€â”€â”€â”€â”€â”€â”€â”€â”€â”€â”€â”€â”€â”€â”€â”€â”€â”€â”€â”€â”€â”€â”€â”€â”€â”€â”€
[05:11:34] ğŸ–¥ Provisioning machine...
[05:11:34] ğŸ› Preparing system...
[05:11:34] â›“ Spinning up manager process...
[05:10:42] ğŸš€ Starting up repository: 'smart-notif-deploy', branch: 'main', main module: 'smart-notification-app.py'
[05:10:42] ğŸ™ Cloning repository...
[05:10:52] ğŸ™ Cloning into '/mount/src/smart-notif-deploy'...
Updating files:  35% (4296/11945)Updating files:  36% (4301/11945)Updating files:  36% (4307/11945)Updating files:  37% (4420/11945)Updating files:  38% (4540/11945)Updating files:  39% (4659/11945)Updating files:  40% (4778/11945)Updating files:  41% (4898/11945)Updating files:  42% (5017/11945)Updating files:  43% (5137/11945)Updating files:  44% (5256/11945)Updating files:  45% (5376/11945)Updating files:  46% (5495/11945)Updating files:  47% (5615/11945)Updating files:  48% (5734/11945)Updating files:  49% (5854/11945)Updating files:  50% (5973/11945)Updating files:  51% (6092/11945)Updating files:  52% (6212/11945)Updating files:  53% (6331/11945)Updating files:  54% (6451/11945)Updating files:  55% (6570/11945)Updating files:  56% (6690/11945)Updating files:  57% (6809/11945)Updating files:  58% (6929/11945)Updating files:  59% (7048/11945)Updating files:  60% (7167/11945)Updating files:  61% (7287/11945)Updating files:  62% (7406/11945)Updating files:  63% (7526/11945)Updating files:  64% (7645/11945)Updating files:  65% (7765/11945)Updating files:  66% (7884/11945)Updating files:  67% (8004/11945)Updating files:  68% (8123/11945)Updating files:  69% (8243/11945)Updating files:  70% (8362/11945)Updating files:  71% (8481/11945)Updating files:  72% (8601/11945)Updating files:  73% (8720/11945)Updating files:  74% (8840/11945)Updating files:  75% (8959/11945)Updating files:  76% (9079/11945)Updating files:  77% (9198/11945)Updating files:  78% (9318/11945)Updating files:  79% (9437/11945)Updating files:  80% (9556/11945)Updating files:  81% (9676/11945)Updating files:  82% (9795/11945)Updating files:  83% (9915/11945)Updating files:  84% (10034/11945)Updating files:  85% (10154/11945)Updating files:  86% (10273/11945)Updating files:  87% (10393/11945)Updating files:  88% (10512/11945)Updating files:  89% (10632/11945)Updating files:  90% (10751/11945)Updating files:  91% (10870/11945)Updating files:  92% (10990/11945)Updating files:  93% (11109/11945)Updating files:  94% (11229/11945)Updating files:  95% (11348/11945)Updating files:  96% (11468/11945)Updating files:  97% (11587/11945)Updating files:  98% (11707/11945)Updating files:  99% (11826/11945)Updating files: 100% (11945/11945)Updating files: 100% (11945/11945), done.

[05:10:52] ğŸ™ Cloned repository!
[05:10:52] ğŸ™ Pulling code changes from Github...
[05:10:56] ğŸ“¦ Processing dependencies...
[05:10:56] ğŸ“¦ Apt dependencies were installed from /mount/src/smart-notif-deploy/packages.txt using apt-get.
Hit:1 http://deb.debian.org/debian bookworm InRelease
Get:2 http://deb.debian.org/debian bookworm-updates InRelease [55.4 kB]
Get:3 http://deb.debian.org/debian-security bookworm-security InRelease [48.0 kB]
Get:4 https://packages.microsoft.com/debian/11/prod bullseye InRelease [3650 B]
Get:5 http://deb.debian.org/debian-security bookworm-security/main amd64 Packages [281 kB]
Get:6 https://packages.microsoft.com/debian/11/prod bullseye/main amd64 Packages [210 kB]
Get:7 https://packages.microsoft.com/debian/11/prod bullseye/main arm64 Packages [55.5 kB]
Fetched 653 kB in 0s (1399 kB/s)
Reading package lists...[2025-10-12 05:10:57.561156] 
Reading package lists...[2025-10-12 05:10:58.200269] 
Building dependency tree...[2025-10-12 05:10:58.382918] 
Reading state information...[2025-10-12 05:10:58.383404] 
build-essential is already the newest version (12.9).
libglib2.0-0 is already the newest version (2.74.6-2+deb12u7).
libglib2.0-0 set to manually installed.
The following additional packages will be installed:
  cmake-data libarchive13 libdrm-amdgpu1 libdrm-common libdrm-intel1
  libdrm-nouveau2 libdrm-radeon1 libdrm2 libgl1-mesa-dri libglapi-mesa
  libglvnd0 libglx-mesa0 libglx0 libjsoncpp25 libllvm15 libpciaccess0
  libproc2-0 librhash0 libsensors-config libsensors5 libuv1 libx11-xcb1
  libxcb-dri2-0 libxcb-dri3-0 libxcb-glx0 libxcb-present0 libxcb-randr0
  libxcb-shm0 libxcb-sync1 libxcb-xfixes0 libxfixes3 libxshmfence1 libxxf86vm1
  libz3-4 procps psmisc
Suggested packages:
  cmake-doc cmake-format elpa-cmake-mode ninja-build lrzip pciutils lm-sensors
The following NEW packages will be installed:
  cmake cmake-data libarchive13 libdrm-amdgpu1 libdrm-common libdrm-intel1
  libdrm-nouveau2 libdrm-radeon1 libdrm2 libgl1 libgl1-mesa-dri libglapi-mesa
  libglvnd0 libglx-mesa0 libglx0 libjsoncpp25 libllvm15 libpciaccess0
  libproc2-0 librhash0 libsensors-config libsensors5 libuv1 libx11-xcb1
  libxcb-dri2-0 libxcb-dri3-0 libxcb-glx0 libxcb-present0 libxcb-randr0
  libxcb-shm0 libxcb-sync1 libxcb-xfixes0 libxfixes3 libxshmfence1 libxxf86vm1
  libz3-4 procps psmisc
0 upgraded, 38 newly installed, 0 to remove and 1 not upgraded.
Need to get 51.8 MB of archives.
After this operation, 217 MB of additional disk space will be used.
Get:1 http://deb.debian.org/debian bookworm/main amd64 libproc2-0 amd64 2:4.0.2-3 [62.8 kB]
Get:2 http://deb.debian.org/debian bookworm/main amd64 procps amd64 2:4.0.2-3 [709 kB]
Get:3 http://deb.debian.org/debian bookworm/main amd64 libarchive13 amd64 3.6.2-1+deb12u3 [343 kB]
Get:4 http://deb.debian.org/debian bookworm/main amd64 libjsoncpp25 amd64 1.9.5-4 [78.6 kB]
Get:5 http://deb.debian.org/debian bookworm/main amd64 librhash0 amd64 1.4.3-3 [134 kB]
Get:6 http://deb.debian.org/debian bookworm/main amd64 libuv1 amd64 1.44.2-1+deb12u1 [136 kB]
Get:7 http://deb.debian.org/debian bookworm/main amd64 cmake-data all 3.25.1-1 [2026 kB]
Get:8 http://deb.debian.org/debian bookworm/main amd64 cmake amd64 3.25.1-1 [8692 kB]
Get:9 http://deb.debian.org/debian bookworm/main amd64 libdrm-common all 2.4.114-1 [7112 B]
Get:10 http://deb.debian.org/debian bookworm/main amd64 libdrm2 amd64 2.4.114-1+b1 [37.5 kB]
Get:11 http://deb.debian.org/debian bookworm/main amd64 libdrm-amdgpu1 amd64 2.4.114-1+b1 [20.9 kB]
Get:12 http://deb.debian.org/debian bookworm/main amd64 libpciaccess0 amd64 0.17-2 [51.4 kB]
Get:13 http://deb.debian.org/debian bookworm/main amd64 libdrm-intel1 amd64 2.4.114-1+b1 [64.0 kB]
Get:14 http://deb.debian.org/debian bookworm/main amd64 libdrm-nouveau2 amd64 2.4.114-1+b1 [19.1 kB]
Get:15 http://deb.debian.org/debian bookworm/main amd64 libdrm-radeon1 amd64 2.4.114-1+b1 [21.8 kB]
Get:16 http://deb.debian.org/debian bookworm/main amd64 libglvnd0 amd64 1.6.0-1 [51.8 kB]
Get:17 http://deb.debian.org/debian bookworm/main amd64 libglapi-mesa amd64 22.3.6-1+deb12u1 [35.7 kB]
Get:18 http://deb.debian.org/debian bookworm/main amd64 libx11-xcb1 amd64 2:1.8.4-2+deb12u2 [192 kB]
Get:19 http://deb.debian.org/debian bookworm/main amd64 libxcb-dri2-0 amd64 1.15-1 [107 kB]
Get:20 http://deb.debian.org/debian bookworm/main amd64 libxcb-dri3-0 amd64 1.15-1 [107 kB]
Get:21 http://deb.debian.org/debian bookworm/main amd64 libxcb-glx0 amd64 1.15-1 [122 kB]
Get:22 http://deb.debian.org/debian bookworm/main amd64 libxcb-present0 amd64 1.15-1 [105 kB]
Get:23 http://deb.debian.org/debian bookworm/main amd64 libxcb-randr0 amd64 1.15-1 [117 kB]
Get:24 http://deb.debian.org/debian bookworm/main amd64 libxcb-shm0 amd64 1.15-1 [105 kB]
Get:25 http://deb.debian.org/debian bookworm/main amd64 libxcb-sync1 amd64 1.15-1 [109 kB]
Get:26 http://deb.debian.org/debian bookworm/main amd64 libxcb-xfixes0 amd64 1.15-1 [109 kB]
Get:27 http://deb.debian.org/debian bookworm/main amd64 libxfixes3 amd64 1:6.0.0-2 [22.7 kB]
Get:28 http://deb.debian.org/debian bookworm/main amd64 libxshmfence1 amd64 1.3-1 [8820 B]
Get:29 http://deb.debian.org/debian bookworm/main amd64 libxxf86vm1 amd64 1:1.1.4-1+b2 [20.8 kB]
Get:30 http://deb.debian.org/debian bookworm/main amd64 libz3-4 amd64 4.8.12-3.1 [7216 kB]
Get:31 http://deb.debian.org/debian bookworm/main amd64 libllvm15 amd64 1:15.0.6-4+b1 [23.1 MB]
Get:32 http://deb.debian.org/debian bookworm/main amd64 libsensors-config all 1:3.6.0-7.1 [14.3 kB]
Get:33 http://deb.debian.org/debian bookworm/main amd64 libsensors5 amd64 1:3.6.0-7.1 [34.2 kB]
Get:34 http://deb.debian.org/debian bookworm/main amd64 libgl1-mesa-dri amd64 22.3.6-1+deb12u1 [7239 kB]
Get:35 http://deb.debian.org/debian bookworm/main amd64 libglx-mesa0 amd64 22.3.6-1+deb12u1 [147 kB]
Get:36 http://deb.debian.org/debian bookworm/main amd64 libglx0 amd64 1.6.0-1 [34.4 kB]
Get:37 http://deb.debian.org/debian bookworm/main amd64 libgl1 amd64 1.6.0-1 [88.4 kB]
Get:38 http://deb.debian.org/debian bookworm/main amd64 psmisc amd64 23.6-1 [259 kB]
debconf: delaying package configuration, since apt-utils is not installed
Fetched 51.8 MB in 0s (119 MB/s)
Selecting previously unselected package libproc2-0:amd64.
(Reading database ... [2025-10-12 05:10:59.565944] (Reading database ... 5%(Reading database ... 10%(Reading database ... 15%(Reading database ... 20%(Reading database ... 25%(Reading database ... 30%(Reading database ... 35%(Reading database ... 40%(Reading database ... 45%(Reading database ... 50%(Reading database ... 55%(Reading database ... 60%(Reading database ... 65%[2025-10-12 05:10:59.568832] (Reading database ... 70%[2025-10-12 05:10:59.570914] (Reading database ... 75%[2025-10-12 05:10:59.571981] (Reading database ... 80%[2025-10-12 05:10:59.573738] (Reading database ... 85%[2025-10-12 05:10:59.576489] (Reading database ... 90%[2025-10-12 05:10:59.577839] (Reading database ... 95%[2025-10-12 05:10:59.579674] (Reading database ... 100%(Reading database ... 23153 files and directories currently installed.)
Preparing to unpack .../00-libproc2-0_2%3a4.0.2-3_amd64.deb ...
Unpacking libproc2-0:amd64 (2:4.0.2-3) ...
Selecting previously unselected package procps.
Preparing to unpack .../01-procps_2%3a4.0.2-3_amd64.deb ...
Unpacking procps (2:4.0.2-3) ...
Selecting previously unselected package libarchive13:amd64.
Preparing to unpack .../02-libarchive13_3.6.2-1+deb12u3_amd64.deb ...
Unpacking libarchive13:amd64 (3.6.2-1+deb12u3) ...
Selecting previously unselected package libjsoncpp25:amd64.
Preparing to unpack .../03-libjsoncpp25_1.9.5-4_amd64.deb ...
Unpacking libjsoncpp25:amd64 (1.9.5-4) ...
Selecting previously unselected package librhash0:amd64.
Preparing to unpack .../04-librhash0_1.4.3-3_amd64.deb ...
Unpacking librhash0:amd64 (1.4.3-3) ...
Selecting previously unselected package libuv1:amd64.
Preparing to unpack .../05-libuv1_1.44.2-1+deb12u1_amd64.deb ...
Unpacking libuv1:amd64 (1.44.2-1+deb12u1) ...
Selecting previously unselected package cmake-data.
Preparing to unpack .../06-cmake-data_3.25.1-1_all.deb ...
Unpacking cmake-data (3.25.1-1) ...
Selecting previously unselected package cmake.
Preparing to unpack .../07-cmake_3.25.1-1_amd64.deb ...
Unpacking cmake (3.25.1-1) ...
Selecting previously unselected package libdrm-common.
Preparing to unpack .../08-libdrm-common_2.4.114-1_all.deb ...
Unpacking libdrm-common (2.4.114-1) ...
Selecting previously unselected package libdrm2:amd64.
Preparing to unpack .../09-libdrm2_2.4.114-1+b1_amd64.deb ...
Unpacking libdrm2:amd64 (2.4.114-1+b1) ...
Selecting previously unselected package libdrm-amdgpu1:amd64.
Preparing to unpack .../10-libdrm-amdgpu1_2.4.114-1+b1_amd64.deb ...
Unpacking libdrm-amdgpu1:amd64 (2.4.114-1+b1) ...
Selecting previously unselected package libpciaccess0:amd64.
Preparing to unpack .../11-libpciaccess0_0.17-2_amd64.deb ...
Unpacking libpciaccess0:amd64 (0.17-2) ...
Selecting previously unselected package libdrm-intel1:amd64.
Preparing to unpack .../12-libdrm-intel1_2.4.114-1+b1_amd64.deb ...
Unpacking libdrm-intel1:amd64 (2.4.114-1+b1) ...
Selecting previously unselected package libdrm-nouveau2:amd64.
Preparing to unpack .../13-libdrm-nouveau2_2.4.114-1+b1_amd64.deb ...
Unpacking libdrm-nouveau2:amd64 (2.4.114-1+b1) ...
Selecting previously unselected package libdrm-radeon1:amd64.
Preparing to unpack .../14-libdrm-radeon1_2.4.114-1+b1_amd64.deb ...
Unpacking libdrm-radeon1:amd64 (2.4.114-1+b1) ...
Selecting previously unselected package libglvnd0:amd64.
Preparing to unpack .../15-libglvnd0_1.6.0-1_amd64.deb ...
Unpacking libglvnd0:amd64 (1.6.0-1) ...
Selecting previously unselected package libglapi-mesa:amd64.
Preparing to unpack .../16-libglapi-mesa_22.3.6-1+deb12u1_amd64.deb ...
Unpacking libglapi-mesa:amd64 (22.3.6-1+deb12u1) ...
Selecting previously unselected package libx11-xcb1:amd64.
Preparing to unpack .../17-libx11-xcb1_2%3a1.8.4-2+deb12u2_amd64.deb ...
Unpacking libx11-xcb1:amd64 (2:1.8.4-2+deb12u2) ...
Selecting previously unselected package libxcb-dri2-0:amd64.
Preparing to unpack .../18-libxcb-dri2-0_1.15-1_amd64.deb ...
Unpacking libxcb-dri2-0:amd64 (1.15-1) ...
Selecting previously unselected package libxcb-dri3-0:amd64.
Preparing to unpack .../19-libxcb-dri3-0_1.15-1_amd64.deb ...
Unpacking libxcb-dri3-0:amd64 (1.15-1) ...
Selecting previously unselected package libxcb-glx0:amd64.
Preparing to unpack .../20-libxcb-glx0_1.15-1_amd64.deb ...
Unpacking libxcb-glx0:amd64 (1.15-1) ...
Selecting previously unselected package libxcb-present0:amd64.
Preparing to unpack .../21-libxcb-present0_1.15-1_amd64.deb ...
Unpacking libxcb-present0:amd64 (1.15-1) ...
Selecting previously unselected package libxcb-randr0:amd64.
Preparing to unpack .../22-libxcb-randr0_1.15-1_amd64.deb ...
Unpacking libxcb-randr0:amd64 (1.15-1) ...
Selecting previously unselected package libxcb-shm0:amd64.
Preparing to unpack .../23-libxcb-shm0_1.15-1_amd64.deb ...
Unpacking libxcb-shm0:amd64 (1.15-1) ...
Selecting previously unselected package libxcb-sync1:amd64.
Preparing to unpack .../24-libxcb-sync1_1.15-1_amd64.deb ...
Unpacking libxcb-sync1:amd64 (1.15-1) ...
Selecting previously unselected package libxcb-xfixes0:amd64.
Preparing to unpack .../25-libxcb-xfixes0_1.15-1_amd64.deb ...
Unpacking libxcb-xfixes0:amd64 (1.15-1) ...
Selecting previously unselected package libxfixes3:amd64.
Preparing to unpack .../26-libxfixes3_1%3a6.0.0-2_amd64.deb ...
Unpacking libxfixes3:amd64 (1:6.0.0-2) ...
Selecting previously unselected package libxshmfence1:amd64.
Preparing to unpack .../27-libxshmfence1_1.3-1_amd64.deb ...
Unpacking libxshmfence1:amd64 (1.3-1) ...
Selecting previously unselected package libxxf86vm1:amd64.
Preparing to unpack .../28-libxxf86vm1_1%3a1.1.4-1+b2_amd64.deb ...
Unpacking libxxf86vm1:amd64 (1:1.1.4-1+b2) ...
Selecting previously unselected package libz3-4:amd64.
Preparing to unpack .../29-libz3-4_4.8.12-3.1_amd64.deb ...
Unpacking libz3-4:amd64 (4.8.12-3.1) ...
Selecting previously unselected package libllvm15:amd64.
Preparing to unpack .../30-libllvm15_1%3a15.0.6-4+b1_amd64.deb ...
Unpacking libllvm15:amd64 (1:15.0.6-4+b1) ...
Selecting previously unselected package libsensors-config.
Preparing to unpack .../31-libsensors-config_1%3a3.6.0-7.1_all.deb ...
Unpacking libsensors-config (1:3.6.0-7.1) ...
Selecting previously unselected package libsensors5:amd64.
Preparing to unpack .../32-libsensors5_1%3a3.6.0-7.1_amd64.deb ...
Unpacking libsensors5:amd64 (1:3.6.0-7.1) ...
Selecting previously unselected package libgl1-mesa-dri:amd64.
Preparing to unpack .../33-libgl1-mesa-dri_22.3.6-1+deb12u1_amd64.deb ...
Unpacking libgl1-mesa-dri:amd64 (22.3.6-1+deb12u1) ...
Selecting previously unselected package libglx-mesa0:amd64.
Preparing to unpack .../34-libglx-mesa0_22.3.6-1+deb12u1_amd64.deb ...
Unpacking libglx-mesa0:amd64 (22.3.6-1+deb12u1) ...
Selecting previously unselected package libglx0:amd64.
Preparing to unpack .../35-libglx0_1.6.0-1_amd64.deb ...
Unpacking libglx0:amd64 (1.6.0-1) ...
Selecting previously unselected package libgl1:amd64.
Preparing to unpack .../36-libgl1_1.6.0-1_amd64.deb ...
Unpacking libgl1:amd64 (1.6.0-1) ...
Selecting previously unselected package psmisc.
Preparing to unpack .../37-psmisc_23.6-1_amd64.deb ...
Unpacking psmisc (23.6-1) ...
Setting up libxcb-dri3-0:amd64 (1.15-1) ...
Setting up libx11-xcb1:amd64 (2:1.8.4-2+deb12u2) ...
Setting up libpciaccess0:amd64 (0.17-2) ...
Setting up libxcb-xfixes0:amd64 (1.15-1) ...
Setting up libarchive13:amd64 (3.6.2-1+deb12u3) ...
Setting up psmisc (23.6-1) ...
Setting up libglvnd0:amd64 (1.6.0-1) ...
Setting up libxcb-glx0:amd64 (1.15-1) ...
Setting up libsensors-config (1:3.6.0-7.1) ...
Setting up libxcb-shm0:amd64 (1.15-1) ...
Setting up libxxf86vm1:amd64 (1:1.1.4-1+b2) ...
Setting up libxcb-present0:amd64 (1.15-1) ...
Setting up libz3-4:amd64 (4.8.12-3.1) ...
Setting up libuv1:amd64 (1.44.2-1+deb12u1) ...
Setting up libxfixes3:amd64 (1:6.0.0-2) ...
Setting up libxcb-sync1:amd64 (1.15-1) ...
Setting up libproc2-0:amd64 (2:4.0.2-3) ...
Setting up libjsoncpp25:amd64 (1.9.5-4) ...
Setting up libsensors5:amd64 (1:3.6.0-7.1) ...
Setting up libglapi-mesa:amd64 (22.3.6-1+deb12u1) ...
Setting up libxcb-dri2-0:amd64 (1.15-1) ...
Setting up libxshmfence1:amd64 (1.3-1) ...
Setting up librhash0:amd64 (1.4.3-3) ...
Setting up libxcb-randr0:amd64 (1.15-1) ...
Setting up procps (2:4.0.2-3) ...
Setting up libllvm15:amd64 (1:15.0.6-4+b1) ...
Setting up cmake-data (3.25.1-1) ...
Setting up libdrm-common (2.4.114-1) ...
Setting up libdrm2:amd64 (2.4.114-1+b1) ...
Setting up cmake (3.25.1-1) ...
Setting up libdrm-amdgpu1:amd64 (2.4.114-1+b1) ...
Setting up libdrm-nouveau2:amd64 (2.4.114-1+b1) ...
Setting up libdrm-radeon1:amd64 (2.4.114-1+b1) ...
Setting up libdrm-intel1:amd64 (2.4.114-1+b1) ...
Setting up libgl1-mesa-dri:amd64 (22.3.6-1+deb12u1) ...
Setting up libglx-mesa0:amd64 (22.3.6-1+deb12u1) ...
Setting up libglx0:amd64 (1.6.0-1) ...
Setting up libgl1:amd64 (1.6.0-1) ...
Processing triggers for libc-bin (2.36-9+deb12u13) ...

â”€â”€â”€â”€â”€â”€â”€â”€â”€â”€â”€â”€â”€â”€â”€â”€â”€â”€â”€â”€â”€â”€â”€â”€â”€â”€â”€â”€â”€â”€â”€â”€â”€â”€â”€â”€â”€â”€â”€â”€ uv â”€â”€â”€â”€â”€â”€â”€â”€â”€â”€â”€â”€â”€â”€â”€â”€â”€â”€â”€â”€â”€â”€â”€â”€â”€â”€â”€â”€â”€â”€â”€â”€â”€â”€â”€â”€â”€â”€â”€â”€â”€â”€â”€

Using uv pip install.
Using Python 3.13.8 environment at /home/adminuser/venv
Resolved 80 packages in 5.02s
  Ã— Failed to download and build `dlib==19.24.2`
  â•°â”€â–¶ Build backend failed to build wheel through `build_wheel` (exit status:
      1)

      [stdout]
      running bdist_wheel
      running build
      running build_ext
      Building extension for Python 3.13.8 (main, Oct  7 2025, 20:56:55) [GCC
      12.2.0]
      Invoking CMake setup: 'cmake
      /home/adminuser/.cache/uv/sdists-v6/pypi/dlib/19.24.2/59OaFItLxlshILc7qqH-z/src/tools/python
      -DCMAKE_LIBRARY_OUTPUT_DIRECTORY=/home/adminuser/.cache/uv/sdists-v6/pypi/dlib/19.24.2/59OaFItLxlshILc7qqH-z/src/build/lib.linux-x86_64-cpython-313
      -DPYTHON_EXECUTABLE=/home/adminuser/.cache/uv/builds-v0/.tmpFdikY8/bin/python
      -DCMAKE_BUILD_TYPE=Release'
      -- The C compiler identification is GNU 12.2.0
      -- The CXX compiler identification is GNU 12.2.0
      -- Detecting C compiler ABI info
      -- Detecting C compiler ABI info - done
      -- Check for working C compiler: /usr/bin/cc - skipped
      -- Detecting C compile features
      -- Detecting C compile features - done
      -- Detecting CXX compiler ABI info
      -- Detecting CXX compiler ABI info - done
      -- Check for working CXX compiler: /usr/bin/c++ - skipped
      -- Detecting CXX compile features
      -- Detecting CXX compile features - done
      -- Configuring incomplete, errors occurred!

      [stderr]
      <string>:208: SyntaxWarning: invalid escape sequence '\('
      <string>:209: SyntaxWarning: invalid escape sequence '\('
      <string>:210: SyntaxWarning: invalid escape sequence '\('
      <string>:190: SetuptoolsDeprecationWarning: The test command is disabled
      and references to it are deprecated.
      !!

      
      ********************************************************************************
              Please remove any references to `setuptools.command.test` in all
      supported versions of the affected package.

              This deprecation is overdue, please update your project and
      remove deprecated
              calls to avoid build errors in the future.
      
      ********************************************************************************

      !!
      /home/adminuser/.cache/uv/builds-v0/.tmpFdikY8/lib/python3.13/site-packages/setuptools/_distutils/dist.py:289:
      UserWarning: Unknown distribution option: 'tests_require'
        warnings.warn(msg)
      CMake Deprecation Warning at CMakeLists.txt:2 (CMAKE_MINIMUM_REQUIRED):
        Compatibility with CMake < 3.10 will be removed from a future version
      of
        CMake.

        Update the VERSION argument <min> value.  Or, use the <min>...<max>
      syntax
        to tell CMake that the project requires at least <min> but has been
      updated
        to work with policies introduced by <max> or earlier.

      
      CMake Error at
      /home/adminuser/.cache/uv/sdists-v6/pypi/dlib/19.24.2/59OaFItLxlshILc7qqH-z/src/dlib/external/pybind11/CMakeLists.txt:8
      (cmake_minimum_required):
        Compatibility with CMake < 3.5 has been removed from CMake.

        Update the VERSION argument <min> value.  Or, use the <min>...<max>
      syntax
        to tell CMake that the project requires at least <min> but has been
      updated
        to work with policies introduced by <max> or earlier.

        Or, add -DCMAKE_POLICY_VERSION_MINIMUM=3.5 to try configuring anyway.

      [2025-10-12 05:11:15.137617] 
      Traceback (most recent call last):
        File "<string>", line 11, in <module>
          wheel_filename =
      backend.build_wheel("/home/adminuser/.cache/uv/builds-v0/.tmpJWTDOK",
      {}, None)
        File
      "/home/adminuser/.cache/uv/builds-v0/.tmpFdikY8/lib/python3.13/site-packages/setuptools/build_meta.py",
      line 432, in build_wheel
          return _build(['bdist_wheel'])
        File
      "/home/adminuser/.cache/uv/builds-v0/.tmpFdikY8/lib/python3.13/site-packages/setuptools/build_meta.py",
      line 423, in _build
          return self._build_with_temp_dir(
                 ~~~~~~~~~~~~~~~~~~~~~~~~~^
              cmd,
              ^^^^
          ...<3 lines>...
              self._arbitrary_args(config_settings),
              ^^^^^^^^^^^^^^^^^^^^^^^^^^^^^^^^^^^^^^
          )
          ^
        File
      "/home/adminuser/.cache/uv/builds-v0/.tmpFdikY8/lib/python3.13/site-packages/setuptools/build_meta.py",
      line 404, in _build_with_temp_dir
          self.run_setup()
          ~~~~~~~~~~~~~~^^
        File
      "/home/adminuser/.cache/uv/builds-v0/.tmpFdikY8/lib/python3.13/site-packages/setuptools/build_meta.py",
      line 317, in run_setup
          exec(code, locals())
          ~~~~^^^^^^^^^^^^^^^^
        File "<string>", line 218, in <module>
        File
      "/home/adminuser/.cache/uv/builds-v0/.tmpFdikY8/lib/python3.13/site-packages/setuptools/__init__.py",
      line 115, in setup
          return distutils.core.setup(**attrs)
                 ~~~~~~~~~~~~~~~~~~~~^^^^^^^^^
        File
      "/home/adminuser/.cache/uv/builds-v0/.tmpFdikY8/lib/python3.13/site-packages/setuptools/_distutils/core.py",
      line 186, in setup
          return run_commands(dist)
        File
      "/home/adminuser/.cache/uv/builds-v0/.tmpFdikY8/lib/python3.13/site-packages/setuptools/_distutils/core.py",
      line 202, in run_commands
          dist.run_commands()
          ~~~~~~~~~~~~~~~~~^^
        File
      "/home/adminuser/.cache/uv/builds-v0/.tmpFdikY8/lib/python3.13/site-packages/setuptools/_distutils/dist.py",
      line 1002, in run_commands
          self.run_command(cmd)
          ~~~~~~~~~~~~~~~~^^^^^
        File
      "/home/adminuser/.cache/uv/builds-v0/.tmpFdikY8/lib/python3.13/site-packages/setuptools/dist.py",
      line 1102, in run_command
          super().run_command(command)
          ~~~~~~~~~~~~~~~~~~~^^^^^^^^^
        File
      "/home/adminuser/.cache/uv/builds-v0/.tmpFdikY8/lib/python3.13/site-packages/setuptools/_distutils/dist.py",
      line 1021, in run_command
          cmd_obj.run()
          ~~~~~~~~~~~^^
        File
      "/home/adminuser/.cache/uv/builds-v0/.tmpFdikY8/lib/python3.13/site-packages/setuptools/command/bdist_wheel.py",
      line 370, in run
          self.run_command("build")
          ~~~~~~~~~~~~~~~~^^^^^^^^^
        File
      "/home/adminuser/.cache/uv/builds-v0/.tmpFdikY8/lib/python3.13/site-packages/setuptools/_distutils/cmd.py",
      line 357, in run_command
          self.distribution.run_command(command)
          ~~~~~~~~~~~~~~~~~~~~~~~~~~~~~^^^^^^^^^
        File
      "/home/adminuser/.cache/uv/builds-v0/.tmpFdikY8/lib/python3.13/site-packages/setuptools/dist.py",
      line 1102, in run_command
          super().run_command(command)
          ~~~~~~~~~~~~~~~~~~~^^^^^^^^^
        File
      "/home/adminuser/.cache/uv/builds-v0/.tmpFdikY8/lib/python3.13/site-packages/setuptools/_distutils/dist.py",
      line 1021, in run_command
          cmd_obj.run()
          ~~~~~~~~~~~^^
        File
      "/home/adminuser/.cache/uv/builds-v0/.tmpFdikY8/lib/python3.13/site-packages/setuptools/_distutils/command/build.py",
      line 135, in run
          self.run_command(cmd_name)
          ~~~~~~~~~~~~~~~~^^^^^^^^^^
        File
      "/home/adminuser/.cache/uv/builds-v0/.tmpFdikY8/lib/python3.13/site-packages/setuptools/_distutils/cmd.py",
      line 357, in run_command
          self.distribution.run_command(command)
          ~~~~~~~~~~~~~~~~~~~~~~~~~~~~~^^^^^^^^^
        File
      "/home/adminuser/.cache/uv/builds-v0/.tmpFdikY8/lib/python3.13/site-packages/setuptools/dist.py",
      line 1102, in run_command
          super().run_command(command)
          ~~~~~~~~~~~~~~~~~~~^^^^^^^^^
        File
      "/home/adminuser/.cache/uv/builds-v0/.tmpFdikY8/lib/python3.13/site-packages/setuptools/_distutils/dist.py",
      line 1021, in run_command
          cmd_obj.run()
          ~~~~~~~~~~~^^
        File "<string>", line 130, in run
        File "<string>", line 167, in build_extension
        File "/usr/local/lib/python3.13/subprocess.py", line 419, in
      check_call
          raise CalledProcessError(retcode, cmd)
      subprocess.CalledProcessError: Command '['cmake',
      '/home/adminuser/.cache/uv/sdists-v6/pypi/dlib/19.24.2/59OaFItLxlshILc7qqH-z/src/tools/python',
      '-DCMAKE_LIBRARY_OUTPUT_DIRECTORY=/home/adminuser/.cache/uv/sdists-v6/pypi/dlib/19.24.2/59OaFItLxlshILc7qqH-z/src/build/lib.linux-x86_64-cpython-313',
      '-DPYTHON_EXECUTABLE=/home/adminuser/.cache/uv/builds-v0/.tmpFdikY8/bin/python',
      '-DCMAKE_BUILD_TYPE=Release']' returned non-zero exit status 1.

Checking if Streamlit is installed
Installing rich for an improved exception logging
Using uv pip install.
Using Python 3.13.8 environment at /home/adminuser/venv
Resolved 4 packages in 596ms
Prepared 4 packages in 184ms
Installed 4 packages in 16ms
 + markdown-it-py==4.0.0
 +[2025-10-12 05:11:15.975549]  mdurl==0.1.2
 + pygments==2.19.2
 + rich==14.2.0

â”€â”€â”€â”€â”€â”€â”€â”€â”€â”€â”€â”€â”€â”€â”€â”€â”€â”€â”€â”€â”€â”€â”€â”€â”€â”€â”€â”€â”€â”€â”€â”€â”€â”€â”€â”€â”€â”€â”€â”€â”€â”€â”€â”€â”€â”€â”€â”€â”€â”€â”€â”€â”€â”€â”€â”€â”€â”€â”€â”€â”€â”€â”€â”€â”€â”€â”€â”€â”€â”€â”€â”€â”€â”€â”€â”€â”€â”€â”€â”€â”€â”€â”€â”€â”€â”€â”€â”€


â”€â”€â”€â”€â”€â”€â”€â”€â”€â”€â”€â”€â”€â”€â”€â”€â”€â”€â”€â”€â”€â”€â”€â”€â”€â”€â”€â”€â”€â”€â”€â”€â”€â”€â”€â”€â”€â”€â”€â”€ pip â”€â”€â”€â”€â”€â”€â”€â”€â”€â”€â”€â”€â”€â”€â”€â”€â”€â”€â”€â”€â”€â”€â”€â”€â”€â”€â”€â”€â”€â”€â”€â”€â”€â”€â”€â”€â”€â”€â”€â”€â”€â”€â”€

Using standard pip install.
Collecting streamlit>=1.28.0 (from -r /mount/src/smart-notif-deploy/requirements.txt (line 1))
  Downloading streamlit-1.50.0-py3-none-any.whl.metadata (9.5 kB)
Collecting opencv-python>=4.8.0 (from -r /mount/src/smart-notif-deploy/requirements.txt (line 2))
  Downloading opencv_python-4.12.0.88-cp37-abi3-manylinux2014_x86_64.manylinux_2_17_x86_64.whl.metadata (19 kB)
Collecting face-recognition==1.3.0 (from -r /mount/src/smart-notif-deploy/requirements.txt (line 3))
  Downloading face_recognition-1.3.0-py2.py3-none-any.whl.metadata (21 kB)
Collecting dlib==19.24.2 (from -r /mount/src/smart-notif-deploy/requirements.txt (line 4))
  Downloading dlib-19.24.2.tar.gz (11.8 MB)
     â”â”â”â”â”â”â”â”â”â”â”â”â”â”â”â”â”â”â”â”â”â”â”â”â”â”â”â”â”â”â”â”â”â”â”â”â”â”â” 11.8/11.8 MB 132.9 MB/s eta 0:00:00[2025-10-12 05:11:17.356999] 
  Installing build dependencies: started
  Installing build dependencies: finished with status 'done'
  Getting requirements to build wheel: started
  Getting requirements to build wheel: finished with status 'done'
  Preparing metadata (pyproject.toml): started
  Preparing metadata (pyproject.toml): finished with status 'done'
Collecting Cython>=0.29.0 (from -r /mount/src/smart-notif-deploy/requirements.txt (line 5))
  Downloading cython-3.1.4-cp313-cp313-manylinux2014_x86_64.manylinux_2_17_x86_64.manylinux_2_28_x86_64.whl.metadata (5.0 kB)
Collecting numpy>=1.21.0 (from -r /mount/src/smart-notif-deploy/requirements.txt (line 6))
  Downloading numpy-2.3.3-cp313-cp313-manylinux_2_27_x86_64.manylinux_2_28_x86_64.whl.metadata (62 kB)
     â”â”â”â”â”â”â”â”â”â”â”â”â”â”â”â”â”â”â”â”â”â”â”â”â”â”â”â”â”â”â”â”â”â”â”â”â”â”â” 62.1/62.1 kB 128.4 MB/s eta 0:00:00[2025-10-12 05:11:24.260694] 
Collecting pandas>=1.5.0 (from -r /mount/src/smart-notif-deploy/requirements.txt (line 7))
  Downloading pandas-2.3.3-cp313-cp313-manylinux_2_24_x86_64.manylinux_2_28_x86_64.whl.metadata (91 kB)
     â”â”â”â”â”â”â”â”â”â”â”â”â”â”â”â”â”â”â”â”â”â”â”â”â”â”â”â”â”â”â”â”â”â”â”â”â”â”â” 91.2/91.2 kB 177.7 MB/s eta 0:00:00[2025-10-12 05:11:24.443813] 
Collecting pillow>=9.0.0 (from -r /mount/src/smart-notif-deploy/requirements.txt (line 8))
  Downloading pillow-11.3.0-cp313-cp313-manylinux_2_27_x86_64.manylinux_2_28_x86_64.whl.metadata (9.0 kB)
Collecting requests>=2.28.0 (from -r /mount/src/smart-notif-deploy/requirements.txt (line 9))
  Downloading requests-2.32.5-py3-none-any.whl.metadata (4.9 kB)
Collecting transformers>=4.20.0 (from -r /mount/src/smart-notif-deploy/requirements.txt (line 10))
  Downloading transformers-4.57.0-py3-none-any.whl.metadata (41 kB)
     â”â”â”â”â”â”â”â”â”â”â”â”â”â”â”â”â”â”â”â”â”â”â”â”â”â”â”â”â”â”â”â”â”â”â”â”â”â”â” 41.4/41.4 kB 110.9 MB/s eta 0:00:00[2025-10-12 05:11:24.911265] 
Collecting torch>=1.12.0 (from -r /mount/src/smart-notif-deploy/requirements.txt (line 11))
  Downloading torch-2.8.0-cp313-cp313-manylinux_2_28_x86_64.whl.metadata (30 kB)
Collecting scikit-learn>=1.1.0 (from -r /mount/src/smart-notif-deploy/requirements.txt (line 12))
  Downloading scikit_learn-1.7.2-cp313-cp313-manylinux2014_x86_64.manylinux_2_17_x86_64.whl.metadata (11 kB)
Collecting scipy>=1.7.0 (from -r /mount/src/smart-notif-deploy/requirements.txt (line 13))
  Downloading scipy-1.16.2-cp313-cp313-manylinux2014_x86_64.manylinux_2_17_x86_64.whl.metadata (62 kB)
     â”â”â”â”â”â”â”â”â”â”â”â”â”â”â”â”â”â”â”â”â”â”â”â”â”â”â”â”â”â”â”â”â”â”â”â”â”â”â” 62.0/62.0 kB 161.6 MB/s eta 0:00:00[2025-10-12 05:11:25.350556] 
Collecting plotly>=5.10.0 (from -r /mount/src/smart-notif-deploy/requirements.txt (line 14))
  Downloading plotly-6.3.1-py3-none-any.whl.metadata (8.5 kB)
Collecting python-dotenv>=0.19.0 (from -r /mount/src/smart-notif-deploy/requirements.txt (line 15))
  Downloading python_dotenv-1.1.1-py3-none-any.whl.metadata (24 kB)
Collecting schedule>=1.1.0 (from -r /mount/src/smart-notif-deploy/requirements.txt (line 16))
  Downloading schedule-1.2.2-py3-none-any.whl.metadata (3.8 kB)
Collecting setuptools>=65.0.0 (from -r /mount/src/smart-notif-deploy/requirements.txt (line 17))
  Downloading setuptools-80.9.0-py3-none-any.whl.metadata (6.6 kB)
Collecting wheel>=0.37.0 (from -r /mount/src/smart-notif-deploy/requirements.txt (line 18))
  Downloading wheel-0.45.1-py3-none-any.whl.metadata (2.3 kB)
Collecting face-recognition-models>=0.3.0 (from face-recognition==1.3.0->-r /mount/src/smart-notif-deploy/requirements.txt (line 3))
  Downloading face_recognition_models-0.3.0.tar.gz (100.1 MB)
     â”â”â”â”â”â”â”â”â”â”â”â”â”â”â”â”â”â”â”â”â”â”â”â”â”â”â”â”â”â”â”â”â”â”â”â”â” 100.1/100.1 MB 212.4 MB/s eta 0:00:00[2025-10-12 05:11:26.558288] 
  Installing build dependencies: started
  Installing build dependencies: finished with status 'done'
  Getting requirements to build wheel: started
  Getting requirements to build wheel: finished with status 'done'
  Preparing metadata (pyproject.toml): started
  Preparing metadata (pyproject.toml): finished with status 'done'
Collecting Click>=6.0 (from face-recognition==1.3.0->-r /mount/src/smart-notif-deploy/requirements.txt (line 3))
  Downloading click-8.3.0-py3-none-any.whl.metadata (2.6 kB)
Collecting altair!=5.4.0,!=5.4.1,<6,>=4.0 (from streamlit>=1.28.0->-r /mount/src/smart-notif-deploy/requirements.txt (line 1))
  Downloading altair-5.5.0-py3-none-any.whl.metadata (11 kB)
Collecting blinker<2,>=1.5.0 (from streamlit>=1.28.0->-r /mount/src/smart-notif-deploy/requirements.txt (line 1))
  Downloading blinker-1.9.0-py3-none-any.whl.metadata (1.6 kB)
Collecting cachetools<7,>=4.0 (from streamlit>=1.28.0->-r /mount/src/smart-notif-deploy/requirements.txt (line 1))
  Downloading cachetools-6.2.0-py3-none-any.whl.metadata (5.4 kB)
Collecting packaging<26,>=20 (from streamlit>=1.28.0->-r /mount/src/smart-notif-deploy/requirements.txt (line 1))
  Downloading packaging-25.0-py3-none-any.whl.metadata (3.3 kB)
Collecting protobuf<7,>=3.20 (from streamlit>=1.28.0->-r /mount/src/smart-notif-deploy/requirements.txt (line 1))
  Downloading protobuf-6.32.1-cp39-abi3-manylinux2014_x86_64.whl.metadata (593 bytes)
Collecting pyarrow>=7.0 (from streamlit>=1.28.0->-r /mount/src/smart-notif-deploy/requirements.txt (line 1))
  Downloading pyarrow-21.0.0-cp313-cp313-manylinux_2_28_x86_64.whl.metadata (3.3 kB)
Collecting tenacity<10,>=8.1.0 (from streamlit>=1.28.0->-r /mount/src/smart-notif-deploy/requirements.txt (line 1))
  Downloading tenacity-9.1.2-py3-none-any.whl.metadata (1.2 kB)
Collecting toml<2,>=0.10.1 (from streamlit>=1.28.0->-r /mount/src/smart-notif-deploy/requirements.txt (line 1))
  Downloading toml-0.10.2-py2.py3-none-any.whl.metadata (7.1 kB)
Collecting typing-extensions<5,>=4.4.0 (from streamlit>=1.28.0->-r /mount/src/smart-notif-deploy/requirements.txt (line 1))
  Downloading typing_extensions-4.15.0-py3-none-any.whl.metadata (3.3 kB)
Collecting watchdog<7,>=2.1.5 (from streamlit>=1.28.0->-r /mount/src/smart-notif-deploy/requirements.txt (line 1))
  Downloading watchdog-6.0.0-py3-none-manylinux2014_x86_64.whl.metadata (44 kB)
     â”â”â”â”â”â”â”â”â”â”â”â”â”â”â”â”â”â”â”â”â”â”â”â”â”â”â”â”â”â”â”â”â”â”â”â”â”â”â” 44.3/44.3 kB 180.2 MB/s eta 0:00:00[2025-10-12 05:11:32.005537] 
Collecting gitpython!=3.1.19,<4,>=3.0.7 (from streamlit>=1.28.0->-r /mount/src/smart-notif-deploy/requirements.txt (line 1))
  Downloading gitpython-3.1.45-py3-none-any.whl.metadata (13 kB)
Collecting pydeck<1,>=0.8.0b4 (from streamlit>=1.28.0->-r /mount/src/smart-notif-deploy/requirements.txt (line 1))
  Downloading pydeck-0.9.1-py2.py3-none-any.whl.metadata (4.1 kB)
Collecting tornado!=6.5.0,<7,>=6.0.3 (from streamlit>=1.28.0->-r /mount/src/smart-notif-deploy/requirements.txt (line 1))
  Downloading tornado-6.5.2-cp39-abi3-manylinux_2_5_x86_64.manylinux1_x86_64.manylinux_2_17_x86_64.manylinux2014_x86_64.whl.metadata (2.8 kB)
Collecting numpy>=1.21.0 (from -r /mount/src/smart-notif-deploy/requirements.txt (line 6))
  Downloading numpy-2.2.6-cp313-cp313-manylinux_2_17_x86_64.manylinux2014_x86_64.whl.metadata (62 kB)
     â”â”â”â”â”â”â”â”â”â”â”â”â”â”â”â”â”â”â”â”â”â”â”â”â”â”â”â”â”â”â”â”â”â”â”â”â”â”â” 62.0/62.0 kB 166.7 MB/s eta 0:00:00[2025-10-12 05:11:32.267712] 
Collecting python-dateutil>=2.8.2 (from pandas>=1.5.0->-r /mount/src/smart-notif-deploy/requirements.txt (line 7))
  Downloading python_dateutil-2.9.0.post0-py2.py3-none-any.whl.metadata (8.4 kB)
Collecting pytz>=2020.1 (from pandas>=1.5.0->-r /mount/src/smart-notif-deploy/requirements.txt (line 7))
  Downloading pytz-2025.2-py2.py3-none-any.whl.metadata (22 kB)
Collecting tzdata>=2022.7 (from pandas>=1.5.0->-r /mount/src/smart-notif-deploy/requirements.txt (line 7))
  Downloading tzdata-2025.2-py2.py3-none-any.whl.metadata (1.4 kB)
Collecting charset_normalizer<4,>=2 (from requests>=2.28.0->-r /mount/src/smart-notif-deploy/requirements.txt (line 9))
  Downloading charset_normalizer-3.4.3-cp313-cp313-manylinux2014_x86_64.manylinux_2_17_x86_64.manylinux_2_28_x86_64.whl.metadata (36 kB)
Collecting idna<4,>=2.5 (from requests>=2.28.0->-r /mount/src/smart-notif-deploy/requirements.txt (line 9))
  Downloading idna-3.10-py3-none-any.whl.metadata (10 kB)
Collecting urllib3<3,>=1.21.1 (from requests>=2.28.0->-r /mount/src/smart-notif-deploy/requirements.txt (line 9))
  Downloading urllib3-2.5.0-py3-none-any.whl.metadata (6.5 kB)
Collecting certifi>=2017.4.17 (from requests>=2.28.0->-r /mount/src/smart-notif-deploy/requirements.txt (line 9))
  Downloading certifi-2025.10.5-py3-none-any.whl.metadata (2.5 kB)
Collecting filelock (from transformers>=4.20.0->-r /mount/src/smart-notif-deploy/requirements.txt (line 10))
  Downloading filelock-3.20.0-py3-none-any.whl.metadata (2.1 kB)
Collecting huggingface-hub<1.0,>=0.34.0 (from transformers>=4.20.0->-r /mount/src/smart-notif-deploy/requirements.txt (line 10))
  Downloading huggingface_hub-0.35.3-py3-none-any.whl.metadata (14 kB)
Collecting pyyaml>=5.1 (from transformers>=4.20.0->-r /mount/src/smart-notif-deploy/requirements.txt (line 10))
  Downloading pyyaml-6.0.3-cp313-cp313-manylinux2014_x86_64.manylinux_2_17_x86_64.manylinux_2_28_x86_64.whl.metadata (2.4 kB)
Collecting regex!=2019.12.17 (from transformers>=4.20.0->-r /mount/src/smart-notif-deploy/requirements.txt (line 10))
  Downloading regex-2025.9.18-cp313-cp313-manylinux2014_x86_64.manylinux_2_17_x86_64.manylinux_2_28_x86_64.whl.metadata (40 kB)
     â”â”â”â”â”â”â”â”â”â”â”â”â”â”â”â”â”â”â”â”â”â”â”â”â”â”â”â”â”â”â”â”â”â”â”â”â”â”â” 40.5/40.5 kB 187.8 MB/s eta 0:00:00[2025-10-12 05:11:33.975250] 
Collecting tokenizers<=0.23.0,>=0.22.0 (from transformers>=4.20.0->-r /mount/src/smart-notif-deploy/requirements.txt (line 10))
  Downloading tokenizers-0.22.1-cp39-abi3-manylinux_2_17_x86_64.manylinux2014_x86_64.whl.metadata (6.8 kB)
Collecting safetensors>=0.4.3 (from transformers>=4.20.0->-r /mount/src/smart-notif-deploy/requirements.txt (line 10))
  Downloading safetensors-0.6.2-cp38-abi3-manylinux_2_17_x86_64.manylinux2014_x86_64.whl.metadata (4.1 kB)
Collecting tqdm>=4.27 (from transformers>=4.20.0->-r /mount/src/smart-notif-deploy/requirements.txt (line 10))
  Downloading tqdm-4.67.1-py3-none-any.whl.metadata (57 kB)
     â”â”â”â”â”â”â”â”â”â”â”â”â”â”â”â”â”â”â”â”â”â”â”â”â”â”â”â”â”â”â”â”â”â”â”â”â”â”â” 57.7/57.7 kB 106.0 MB/s eta 0:00:00[2025-10-12 05:11:34.453893] 
Collecting sympy>=1.13.3 (from torch>=1.12.0->-r /mount/src/smart-notif-deploy/requirements.txt (line 11))
  Downloading sympy-1.14.0-py3-none-any.whl.metadata (12 kB)
Collecting networkx (from torch>=1.12.0->-r /mount/src/smart-notif-deploy/requirements.txt (line 11))
  Downloading networkx-3.5-py3-none-any.whl.metadata (6.3 kB)
Collecting jinja2 (from torch>=1.12.0->-r /mount/src/smart-notif-deploy/requirements.txt (line 11))
  Downloading jinja2-3.1.6-py3-none-any.whl.metadata (2.9 kB)
Collecting fsspec (from torch>=1.12.0->-r /mount/src/smart-notif-deploy/requirements.txt (line 11))
  Downloading fsspec-2025.9.0-py3-none-any.whl.metadata (10 kB)
Collecting nvidia-cuda-nvrtc-cu12==12.8.93 (from torch>=1.12.0->-r /mount/src/smart-notif-deploy/requirements.txt (line 11))
  Downloading nvidia_cuda_nvrtc_cu12-12.8.93-py3-none-manylinux2010_x86_64.manylinux_2_12_x86_64.whl.metadata (1.7 kB)
Collecting nvidia-cuda-runtime-cu12==12.8.90 (from torch>=1.12.0->-r /mount/src/smart-notif-deploy/requirements.txt (line 11))
  Downloading nvidia_cuda_runtime_cu12-12.8.90-py3-none-manylinux2014_x86_64.manylinux_2_17_x86_64.whl.metadata (1.7 kB)
Collecting nvidia-cuda-cupti-cu12==12.8.90 (from torch>=1.12.0->-r /mount/src/smart-notif-deploy/requirements.txt (line 11))
  Downloading nvidia_cuda_cupti_cu12-12.8.90-py3-none-manylinux2014_x86_64.manylinux_2_17_x86_64.whl.metadata (1.7 kB)
Collecting nvidia-cudnn-cu12==9.10.2.21 (from torch>=1.12.0->-r /mount/src/smart-notif-deploy/requirements.txt (line 11))
  Downloading nvidia_cudnn_cu12-9.10.2.21-py3-none-manylinux_2_27_x86_64.whl.metadata (1.8 kB)
Collecting nvidia-cublas-cu12==12.8.4.1 (from torch>=1.12.0->-r /mount/src/smart-notif-deploy/requirements.txt (line 11))
  Downloading nvidia_cublas_cu12-12.8.4.1-py3-none-manylinux_2_27_x86_64.whl.metadata (1.7 kB)
Collecting nvidia-cufft-cu12==11.3.3.83 (from torch>=1.12.0->-r /mount/src/smart-notif-deploy/requirements.txt (line 11))
  Downloading nvidia_cufft_cu12-11.3.3.83-py3-none-manylinux2014_x86_64.manylinux_2_17_x86_64.whl.metadata (1.7 kB)
Collecting nvidia-curand-cu12==10.3.9.90 (from torch>=1.12.0->-r /mount/src/smart-notif-deploy/requirements.txt (line 11))
  Downloading nvidia_curand_cu12-10.3.9.90-py3-none-manylinux_2_27_x86_64.whl.metadata (1.7 kB)
Collecting nvidia-cusolver-cu12==11.7.3.90 (from torch>=1.12.0->-r /mount/src/smart-notif-deploy/requirements.txt (line 11))
  Downloading nvidia_cusolver_cu12-11.7.3.90-py3-none-manylinux_2_27_x86_64.whl.metadata (1.8 kB)
Collecting nvidia-cusparse-cu12==12.5.8.93 (from torch>=1.12.0->-r /mount/src/smart-notif-deploy/requirements.txt (line 11))
  Downloading nvidia_cusparse_cu12-12.5.8.93-py3-none-manylinux2014_x86_64.manylinux_2_17_x86_64.whl.metadata (1.8 kB)
Collecting nvidia-cusparselt-cu12==0.7.1 (from torch>=1.12.0->-r /mount/src/smart-notif-deploy/requirements.txt (line 11))
  Downloading nvidia_cusparselt_cu12-0.7.1-py3-none-manylinux2014_x86_64.whl.metadata (7.0 kB)
Collecting nvidia-nccl-cu12==2.27.3 (from torch>=1.12.0->-r /mount/src/smart-notif-deploy/requirements.txt (line 11))
  Downloading nvidia_nccl_cu12-2.27.3-py3-none-manylinux2014_x86_64.manylinux_2_17_x86_64.whl.metadata (2.0 kB)
Collecting nvidia-nvtx-cu12==12.8.90 (from torch>=1.12.0->-r /mount/src/smart-notif-deploy/requirements.txt (line 11))
  Downloading nvidia_nvtx_cu12-12.8.90-py3-none-manylinux2014_x86_64.manylinux_2_17_x86_64.whl.metadata (1.8 kB)
Collecting nvidia-nvjitlink-cu12==12.8.93 (from torch>=1.12.0->-r /mount/src/smart-notif-deploy/requirements.txt (line 11))
  Downloading nvidia_nvjitlink_cu12-12.8.93-py3-none-manylinux2010_x86_64.manylinux_2_12_x86_64.whl.metadata (1.7 kB)
Collecting nvidia-cufile-cu12==1.13.1.3 (from torch>=1.12.0->-r /mount/src/smart-notif-deploy/requirements.txt (line 11))
  Downloading nvidia_cufile_cu12-1.13.1.3-py3-none-manylinux2014_x86_64.manylinux_2_17_x86_64.whl.metadata (1.7 kB)
Collecting triton==3.4.0 (from torch>=1.12.0->-r /mount/src/smart-notif-deploy/requirements.txt (line 11))
  Downloading triton-3.4.0-cp313-cp313-manylinux_2_27_x86_64.manylinux_2_28_x86_64.whl.metadata (1.7 kB)
Collecting joblib>=1.2.0 (from scikit-learn>=1.1.0->-r /mount/src/smart-notif-deploy/requirements.txt (line 12))
  Downloading joblib-1.5.2-py3-none-any.whl.metadata (5.6 kB)
Collecting threadpoolctl>=3.1.0 (from scikit-learn>=1.1.0->-r /mount/src/smart-notif-deploy/requirements.txt (line 12))
  Downloading threadpoolctl-3.6.0-py3-none-any.whl.metadata (13 kB)
Collecting narwhals>=1.15.1 (from plotly>=5.10.0->-r /mount/src/smart-notif-deploy/requirements.txt (line 14))
  Downloading narwhals-2.7.0-py3-none-any.whl.metadata (11 kB)
Collecting jsonschema>=3.0 (from altair!=5.4.0,!=5.4.1,<6,>=4.0->streamlit>=1.28.0->-r /mount/src/smart-notif-deploy/requirements.txt (line 1))
  Downloading jsonschema-4.25.1-py3-none-any.whl.metadata (7.6 kB)
Collecting gitdb<5,>=4.0.1 (from gitpython!=3.1.19,<4,>=3.0.7->streamlit>=1.28.0->-r /mount/src/smart-notif-deploy/requirements.txt (line 1))
  Downloading gitdb-4.0.12-py3-none-any.whl.metadata (1.2 kB)
Collecting hf-xet<2.0.0,>=1.1.3 (from huggingface-hub<1.0,>=0.34.0->transformers>=4.20.0->-r /mount/src/smart-notif-deploy/requirements.txt (line 10))
  Downloading hf_xet-1.1.10-cp37-abi3-manylinux_2_17_x86_64.manylinux2014_x86_64.whl.metadata (4.7 kB)
Collecting MarkupSafe>=2.0 (from jinja2->torch>=1.12.0->-r /mount/src/smart-notif-deploy/requirements.txt (line 11))
  Downloading markupsafe-3.0.3-cp313-cp313-manylinux2014_x86_64.manylinux_2_17_x86_64.manylinux_2_28_x86_64.whl.metadata (2.7 kB)
Collecting six>=1.5 (from python-dateutil>=2.8.2->pandas>=1.5.0->-r /mount/src/smart-notif-deploy/requirements.txt (line 7))
  Downloading six-1.17.0-py2.py3-none-any.whl.metadata (1.7 kB)
Collecting mpmath<1.4,>=1.1.0 (from sympy>=1.13.3->torch>=1.12.0->-r /mount/src/smart-notif-deploy/requirements.txt (line 11))
  Downloading mpmath-1.3.0-py3-none-any.whl.metadata (8.6 kB)
Collecting smmap<6,>=3.0.1 (from gitdb<5,>=4.0.1->gitpython!=3.1.19,<4,>=3.0.7->streamlit>=1.28.0->-r /mount/src/smart-notif-deploy/requirements.txt (line 1))
  Downloading smmap-5.0.2-py3-none-any.whl.metadata (4.3 kB)
Collecting attrs>=22.2.0 (from jsonschema>=3.0->altair!=5.4.0,!=5.4.1,<6,>=4.0->streamlit>=1.28.0->-r /mount/src/smart-notif-deploy/requirements.txt (line 1))
  Downloading attrs-25.4.0-py3-none-any.whl.metadata (10 kB)
Collecting jsonschema-specifications>=2023.03.6 (from jsonschema>=3.0->altair!=5.4.0,!=5.4.1,<6,>=4.0->streamlit>=1.28.0->-r /mount/src/smart-notif-deploy/requirements.txt (line 1))
  Downloading jsonschema_specifications-2025.9.1-py3-none-any.whl.metadata (2.9 kB)
Collecting referencing>=0.28.4 (from jsonschema>=3.0->altair!=5.4.0,!=5.4.1,<6,>=4.0->streamlit>=1.28.0->-r /mount/src/smart-notif-deploy/requirements.txt (line 1))
  Downloading referencing-0.36.2-py3-none-any.whl.metadata (2.8 kB)
Collecting rpds-py>=0.7.1 (from jsonschema>=3.0->altair!=5.4.0,!=5.4.1,<6,>=4.0->streamlit>=1.28.0->-r /mount/src/smart-notif-deploy/requirements.txt (line 1))
  Downloading rpds_py-0.27.1-cp313-cp313-manylinux_2_17_x86_64.manylinux2014_x86_64.whl.metadata (4.2 kB)
Downloading face_recognition-1.3.0-py2.py3-none-any.whl (15 kB)
Downloading streamlit-1.50.0-py3-none-any.whl (10.1 MB)
   â”â”â”â”â”â”â”â”â”â”â”â”â”â”â”â”â”â”â”â”â”â”â”â”â”â”â”â”â”â”â”â”â”â”â”â”â”â”â”â” 10.1/10.1 MB 169.6 MB/s eta 0:00:00[2025-10-12 05:11:37.706644] 
Downloading opencv_python-4.12.0.88-cp37-abi3-manylinux2014_x86_64.manylinux_2_17_x86_64.whl (67.0 MB)
   â”â”â”â”â”â”â”â”â”â”â”â”â”â”â”â”â”â”â”â”â”â”â”â”â”â”â”â”â”â”â”â”â”â”â”â”â”â”â”â” 67.0/67.0 MB 141.5 MB/s eta 0:00:00[2025-10-12 05:11:38.126156] 
Downloading cython-3.1.4-cp313-cp313-manylinux2014_x86_64.manylinux_2_17_x86_64.manylinux_2_28_x86_64.whl (3.3 MB)
   â”â”â”â”â”â”â”â”â”â”â”â”â”â”â”â”â”â”â”â”â”â”â”â”â”â”â”â”â”â”â”â”â”â”â”â”â”â”â”â” 3.3/3.3 MB 129.1 MB/s eta 0:00:00[2025-10-12 05:11:38.170596] 
Downloading numpy-2.2.6-cp313-cp313-manylinux_2_17_x86_64.manylinux2014_x86_64.whl (16.5 MB)
   â”â”â”â”â”â”â”â”â”â”â”â”â”â”â”â”â”â”â”â”â”â”â”â”â”â”â”â”â”â”â”â”â”â”â”â”â”â”â”â” 16.5/16.5 MB 197.0 MB/s eta 0:00:00[2025-10-12 05:11:38.288295] 
Downloading pandas-2.3.3-cp313-cp313-manylinux_2_24_x86_64.manylinux_2_28_x86_64.whl (12.3 MB)
   â”â”â”â”â”â”â”â”â”â”â”â”â”â”â”â”â”â”â”â”â”â”â”â”â”â”â”â”â”â”â”â”â”â”â”â”â”â”â”â” 12.3/12.3 MB 176.7 MB/s eta 0:00:00[2025-10-12 05:11:38.376427] 
Downloading pillow-11.3.0-cp313-cp313-manylinux_2_27_x86_64.manylinux_2_28_x86_64.whl (6.6 MB)
   â”â”â”â”â”â”â”â”â”â”â”â”â”â”â”â”â”â”â”â”â”â”â”â”â”â”â”â”â”â”â”â”â”â”â”â”â”â”â”â” 6.6/6.6 MB 180.3 MB/s eta 0:00:00[2025-10-12 05:11:38.429565] 
Downloading requests-2.32.5-py3-none-any.whl (64 kB)
   â”â”â”â”â”â”â”â”â”â”â”â”â”â”â”â”â”â”â”â”â”â”â”â”â”â”â”â”â”â”â”â”â”â”â”â”â”â”â”â” 64.7/64.7 kB 201.5 MB/s eta 0:00:00[2025-10-12 05:11:38.443402] 
Downloading transformers-4.57.0-py3-none-any.whl (12.0 MB)
   â”â”â”â”â”â”â”â”â”â”â”â”â”â”â”â”â”â”â”â”â”â”â”â”â”â”â”â”â”â”â”â”â”â”â”â”â”â”â”â” 12.0/12.0 MB 148.2 MB/s eta 0:00:00[2025-10-12 05:11:38.535787] 
Downloading torch-2.8.0-cp313-cp313-manylinux_2_28_x86_64.whl (887.9 MB)
   â”â”â”â”â”â”â”â”â”â”â”â”â”â”â”â”â”â”â”â”â”â”â”â”â”â”â”â”â”â”â”â”â”â”â”â”â”â”â” 887.9/887.9 MB 106.3 MB/s eta 0:00:00[2025-10-12 05:11:46.325053] 
Downloading nvidia_cublas_cu12-12.8.4.1-py3-none-manylinux_2_27_x86_64.whl (594.3 MB)
   â”â”â”â”â”â”â”â”â”â”â”â”â”â”â”â”â”â”â”â”â”â”â”â”â”â”â”â”â”â”â”â”â”â”â”â”â”â”â”â” 594.3/594.3 MB 74.5 MB/s eta 0:00:00[2025-10-12 05:11:51.138861] 
Downloading nvidia_cuda_cupti_cu12-12.8.90-py3-none-manylinux2014_x86_64.manylinux_2_17_x86_64.whl (10.2 MB)
   â”â”â”â”â”â”â”â”â”â”â”â”â”â”â”â”â”â”â”â”â”â”â”â”â”â”â”â”â”â”â”â”â”â”â”â”â”â”â”â” 10.2/10.2 MB 75.4 MB/s eta 0:00:00[2025-10-12 05:11:51.288458] 
Downloading nvidia_cuda_nvrtc_cu12-12.8.93-py3-none-manylinux2010_x86_64.manylinux_2_12_x86_64.whl (88.0 MB)
   â”â”â”â”â”â”â”â”â”â”â”â”â”â”â”â”â”â”â”â”â”â”â”â”â”â”â”â”â”â”â”â”â”â”â”â”â”â”â”â” 88.0/88.0 MB 89.0 MB/s eta 0:00:00[2025-10-12 05:11:52.366511] 
Downloading nvidia_cuda_runtime_cu12-12.8.90-py3-none-manylinux2014_x86_64.manylinux_2_17_x86_64.whl (954 kB)
   â”â”â”â”â”â”â”â”â”â”â”â”â”â”â”â”â”â”â”â”â”â”â”â”â”â”â”â”â”â”â”â”â”â”â”â”â”â”â”â” 954.8/954.8 kB 99.1 MB/s eta 0:00:00[2025-10-12 05:11:52.390177] 
Downloading nvidia_cudnn_cu12-9.10.2.21-py3-none-manylinux_2_27_x86_64.whl (706.8 MB)
   â”â”â”â”â”â”â”â”â”â”â”â”â”â”â”â”â”â”â”â”â”â”â”â”â”â”â”â”â”â”â”â”â”â”â”â”â”â”â” 706.8/706.8 MB 165.9 MB/s eta 0:00:00[2025-10-12 05:11:58.635603] 
Downloading nvidia_cufft_cu12-11.3.3.83-py3-none-manylinux2014_x86_64.manylinux_2_17_x86_64.whl (193.1 MB)
   â”â”â”â”â”â”â”â”â”â”â”â”â”â”â”â”â”â”â”â”â”â”â”â”â”â”â”â”â”â”â”â”â”â”â”â”â”â”â” 193.1/193.1 MB 174.4 MB/s eta 0:00:00[2025-10-12 05:12:00.016318] 
Downloading nvidia_cufile_cu12-1.13.1.3-py3-none-manylinux2014_x86_64.manylinux_2_17_x86_64.whl (1.2 MB)
   â”â”â”â”â”â”â”â”â”â”â”â”â”â”â”â”â”â”â”â”â”â”â”â”â”â”â”â”â”â”â”â”â”â”â”â”â”â”â”â” 1.2/1.2 MB 191.2 MB/s eta 0:00:00[2025-10-12 05:12:00.037013] 
Downloading nvidia_curand_cu12-10.3.9.90-py3-none-manylinux_2_27_x86_64.whl (63.6 MB)
   â”â”â”â”â”â”â”â”â”â”â”â”â”â”â”â”â”â”â”â”â”â”â”â”â”â”â”â”â”â”â”â”â”â”â”â”â”â”â”â” 63.6/63.6 MB 165.3 MB/s eta 0:00:00[2025-10-12 05:12:00.453262] 
Downloading nvidia_cusolver_cu12-11.7.3.90-py3-none-manylinux_2_27_x86_64.whl (267.5 MB)
   â”â”â”â”â”â”â”â”â”â”â”â”â”â”â”â”â”â”â”â”â”â”â”â”â”â”â”â”â”â”â”â”â”â”â”â”â”â”â” 267.5/267.5 MB 187.5 MB/s eta 0:00:00[2025-10-12 05:12:02.275593] 
Downloading nvidia_cusparse_cu12-12.5.8.93-py3-none-manylinux2014_x86_64.manylinux_2_17_x86_64.whl (288.2 MB)
[05:12:13] ğŸš€ Starting up repository: 'smart-notif-deploy', branch: 'main', main module: 'smart-notification-app.py'
[05:12:13] ğŸ™ Cloning repository...
[05:12:13] ğŸš€ Starting up repository: 'smart-notif-deploy', branch: 'main', main module: 'smart-notification-app.py'
[05:12:13] ğŸ™ Cloning repository...
[05:12:24] ğŸ™ Cloning into '/mount/src/smart-notif-deploy'...
Updating files:  12% (1482/11945)Updating files:  13% (1553/11945)Updating files:  14% (1673/11945)Updating files:  15% (1792/11945)Updating files:  16% (1912/11945)Updating files:  17% (2031/11945)Updating files:  18% (2151/11945)Updating files:  19% (2270/11945)Updating files:  20% (2389/11945)Updating files:  21% (2509/11945)Updating files:  22% (2628/11945)Updating files:  23% (2748/11945)Updating files:  24% (2867/11945)Updating files:  25% (2987/11945)Updating files:  26% (3106/11945)Updating files:  27% (3226/11945)Updating files:  28% (3345/11945)Updating files:  29% (3465/11945)Updating files:  30% (3584/11945)Updating files:  31% (3703/11945)Updating files:  32% (3823/11945)Updating files:  33% (3942/11945)Updating files:  34% (4062/11945)Updating files:  35% (4181/11945)Updating files:  35% (4298/11945)Updating files:  36% (4301/11945)Updating files:  36% (4392/11945)Updating files:  37% (4420/11945)Updating files:  38% (4540/11945)Updating files:  39% (4659/11945)Updating files:  40% (4778/11945)Updating files:  41% (4898/11945)Updating files:  42% (5017/11945)Updating files:  43% (5137/11945)Updating files:  44% (5256/11945)Updating files:  45% (5376/11945)Updating files:  46% (5495/11945)Updating files:  47% (5615/11945)Updating files:  48% (5734/11945)Updating files:  49% (5854/11945)Updating files:  50% (5973/11945)Updating files:  51% (6092/11945)Updating files:  52% (6212/11945)Updating files:  53% (6331/11945)Updating files:  54% (6451/11945)Updating files:  55% (6570/11945)Updating files:  56% (6690/11945)Updating files:  57% (6809/11945)Updating files:  58% (6929/11945)Updating files:  59% (7048/11945)Updating files:  60% (7167/11945)Updating files:  61% (7287/11945)Updating files:  62% (7406/11945)Updating files:  63% (7526/11945)Updating files:  64% (7645/11945)Updating files:  65% (7765/11945)Updating files:  66% (7884/11945)Updating files:  67% (8004/11945)Updating files:  68% (8123/11945)Updating files:  69% (8243/11945)Updating files:  70% (8362/11945)Updating files:  71% (8481/11945)Updating files:  72% (8601/11945)Updating files:  73% (8720/11945)Updating files:  74% (8840/11945)Updating files:  75% (8959/11945)Updating files:  76% (9079/11945)Updating files:  77% (9198/11945)Updating files:  77% (9307/11945)Updating files:  78% (9318/11945)Updating files:  79% (9437/11945)Updating files:  80% (9556/11945)Updating files:  81% (9676/11945)Updating files:  82% (9795/11945)Updating files:  83% (9915/11945)Updating files:  84% (10034/11945)Updating files:  85% (10154/11945)Updating files:  86% (10273/11945)Updating files:  87% (10393/11945)Updating files:  88% (10512/11945)Updating files:  89% (10632/11945)Updating files:  90% (10751/11945)Updating files:  91% (10870/11945)Updating files:  92% (10990/11945)Updating files:  93% (11109/11945)Updating files:  94% (11229/11945)Updating files:  95% (11348/11945)Updating files:  96% (11468/11945)Updating files:  97% (11587/11945)Updating files:  98% (11707/11945)Updating files:  99% (11826/11945)Updating files: 100% (11945/11945)Updating files: 100% (11945/11945), done.

[05:12:24] ğŸ™ Cloned repository!
[05:12:24] ğŸ™ Pulling code changes from Github...
[05:12:29] ğŸ“¦ Processing dependencies...
[05:12:29] ğŸ“¦ Apt dependencies were installed from /mount/src/smart-notif-deploy/packages.txt using apt-get.
Hit:1 http://deb.debian.org/debian bookworm InRelease
Get:2 http://deb.debian.org/debian bookworm-updates InRelease [55.4 kB]
Get:3 http://deb.debian.org/debian-security bookworm-security InRelease [48.0 kB]
Get:4 https://packages.microsoft.com/debian/11/prod bullseye InRelease [3650 B]
Get:5 http://deb.debian.org/debian-security bookworm-security/main amd64 Packages [281 kB]
Get:6 https://packages.microsoft.com/debian/11/prod bullseye/main arm64 Packages [55.5 kB]
Get:7 https://packages.microsoft.com/debian/11/prod bullseye/main amd64 Packages [210 kB]
Fetched 653 kB in 0s (1306 kB/s)
Reading package lists...[2025-10-12 05:12:31.799722] 
Building dependency tree...[2025-10-12 05:12:32.023571] 
Reading state information...[2025-10-12 05:12:32.024055] 
build-essential is already the newest version (12.9).
libglib2.0-0 is already the newest version (2.74.6-2+deb12u7).
libglib2.0-0 set to manually installed.
The following additional packages will be installed:
  cmake-data libarchive13 libdrm-amdgpu1 libdrm-common libdrm-intel1
  libdrm-nouveau2 libdrm-radeon1 libdrm2 libgl1-mesa-dri libglapi-mesa
  libglvnd0 libglx-mesa0 libglx0 libjsoncpp25 libllvm15 libpciaccess0
  libproc2-0 librhash0 libsensors-config libsensors5 libuv1 libx11-xcb1
  libxcb-dri2-0 libxcb-dri3-0 libxcb-glx0 libxcb-present0 libxcb-randr0
  libxcb-shm0 libxcb-sync1 libxcb-xfixes0 libxfixes3 libxshmfence1 libxxf86vm1
  libz3-4 procps psmisc
Suggested packages:
  cmake-doc cmake-format elpa-cmake-mode ninja-build lrzip pciutils lm-sensors
The following NEW packages will be installed:
  cmake cmake-data libarchive13 libdrm-amdgpu1 libdrm-common libdrm-intel1
  libdrm-nouveau2 libdrm-radeon1 libdrm2 libgl1 libgl1-mesa-dri libglapi-mesa
  libglvnd0 libglx-mesa0 libglx0 libjsoncpp25 libllvm15 libpciaccess0
  libproc2-0 librhash0 libsensors-config libsensors5 libuv1 libx11-xcb1
  libxcb-dri2-0 libxcb-dri3-0 libxcb-glx0 libxcb-present0 libxcb-randr0
  libxcb-shm0 libxcb-sync1 libxcb-xfixes0 libxfixes3 libxshmfence1 libxxf86vm1
  libz3-4 procps psmisc
0 upgraded, 38 newly installed, 0 to remove and 3 not upgraded.
Need to get 51.8 MB of archives.
After this operation, 217 MB of additional disk space will be used.
Get:1 http://deb.debian.org/debian bookworm/main amd64 libproc2-0 amd64 2:4.0.2-3 [62.8 kB]
Get:2 http://deb.debian.org/debian bookworm/main amd64 procps amd64 2:4.0.2-3 [709 kB]
Get:3 http://deb.debian.org/debian bookworm/main amd64 libarchive13 amd64 3.6.2-1+deb12u3 [343 kB]
Get:4 http://deb.debian.org/debian bookworm/main amd64 libjsoncpp25 amd64 1.9.5-4 [78.6 kB]
Get:5 http://deb.debian.org/debian bookworm/main amd64 librhash0 amd64 1.4.3-3 [134 kB]
Get:6 http://deb.debian.org/debian bookworm/main amd64 libuv1 amd64 1.44.2-1+deb12u1 [136 kB]
Get:7 http://deb.debian.org/debian bookworm/main amd64 cmake-data all 3.25.1-1 [2026 kB]
Get:8 http://deb.debian.org/debian bookworm/main amd64 cmake amd64 3.25.1-1 [8692 kB]
Get:9 http://deb.debian.org/debian bookworm/main amd64 libdrm-common all 2.4.114-1 [7112 B]
Get:10 http://deb.debian.org/debian bookworm/main amd64 libdrm2 amd64 2.4.114-1+b1 [37.5 kB]
Get:11 http://deb.debian.org/debian bookworm/main amd64 libdrm-amdgpu1 amd64 2.4.114-1+b1 [20.9 kB]
Get:12 http://deb.debian.org/debian bookworm/main amd64 libpciaccess0 amd64 0.17-2 [51.4 kB]
Get:13 http://deb.debian.org/debian bookworm/main amd64 libdrm-intel1 amd64 2.4.114-1+b1 [64.0 kB]
Get:14 http://deb.debian.org/debian bookworm/main amd64 libdrm-nouveau2 amd64 2.4.114-1+b1 [19.1 kB]
Get:15 http://deb.debian.org/debian bookworm/main amd64 libdrm-radeon1 amd64 2.4.114-1+b1 [21.8 kB]
Get:16 http://deb.debian.org/debian bookworm/main amd64 libglvnd0 amd64 1.6.0-1 [51.8 kB]
Get:17 http://deb.debian.org/debian bookworm/main amd64 libglapi-mesa amd64 22.3.6-1+deb12u1 [35.7 kB]
Get:18 http://deb.debian.org/debian bookworm/main amd64 libx11-xcb1 amd64 2:1.8.4-2+deb12u2 [192 kB]
Get:19 http://deb.debian.org/debian bookworm/main amd64 libxcb-dri2-0 amd64 1.15-1 [107 kB]
Get:20 http://deb.debian.org/debian bookworm/main amd64 libxcb-dri3-0 amd64 1.15-1 [107 kB]
Get:21 http://deb.debian.org/debian bookworm/main amd64 libxcb-glx0 amd64 1.15-1 [122 kB]
Get:22 http://deb.debian.org/debian bookworm/main amd64 libxcb-present0 amd64 1.15-1 [105 kB]
Get:23 http://deb.debian.org/debian bookworm/main amd64 libxcb-randr0 amd64 1.15-1 [117 kB]
Get:24 http://deb.debian.org/debian bookworm/main amd64 libxcb-shm0 amd64 1.15-1 [105 kB]
Get:25 http://deb.debian.org/debian bookworm/main amd64 libxcb-sync1 amd64 1.15-1 [109 kB]
Get:26 http://deb.debian.org/debian bookworm/main amd64 libxcb-xfixes0 amd64 1.15-1 [109 kB]
Get:27 http://deb.debian.org/debian bookworm/main amd64 libxfixes3 amd64 1:6.0.0-2 [22.7 kB]
Get:28 http://deb.debian.org/debian bookworm/main amd64 libxshmfence1 amd64 1.3-1 [8820 B]
Get:29 http://deb.debian.org/debian bookworm/main amd64 libxxf86vm1 amd64 1:1.1.4-1+b2 [20.8 kB]
Get:30 http://deb.debian.org/debian bookworm/main amd64 libz3-4 amd64 4.8.12-3.1 [7216 kB]
Get:31 http://deb.debian.org/debian bookworm/main amd64 libllvm15 amd64 1:15.0.6-4+b1 [23.1 MB]
Get:32 http://deb.debian.org/debian bookworm/main amd64 libsensors-config all 1:3.6.0-7.1 [14.3 kB]
Get:33 http://deb.debian.org/debian bookworm/main amd64 libsensors5 amd64 1:3.6.0-7.1 [34.2 kB]
Get:34 http://deb.debian.org/debian bookworm/main amd64 libgl1-mesa-dri amd64 22.3.6-1+deb12u1 [7239 kB]
Get:35 http://deb.debian.org/debian bookworm/main amd64 libglx-mesa0 amd64 22.3.6-1+deb12u1 [147 kB]
Get:36 http://deb.debian.org/debian bookworm/main amd64 libglx0 amd64 1.6.0-1 [34.4 kB]
Get:37 http://deb.debian.org/debian bookworm/main amd64 libgl1 amd64 1.6.0-1 [88.4 kB]
Get:38 http://deb.debian.org/debian bookworm/main amd64 psmisc amd64 23.6-1 [259 kB]
debconf: delaying package configuration, since apt-utils is not installed
Fetched 51.8 MB in 1s (97.0 MB/s)
Selecting previously unselected package libproc2-0:amd64.
(Reading database ... [2025-10-12 05:12:33.343324] (Reading database ... 5%(Reading database ... 10%(Reading database ... 15%(Reading database ... 20%(Reading database ... 25%(Reading database ... 30%(Reading database ... 35%(Reading database ... 40%(Reading database ... 45%(Reading database ... 50%(Reading database ... 55%(Reading database ... 60%(Reading database ... 65%[2025-10-12 05:12:33.347067] (Reading database ... 70%[2025-10-12 05:12:33.356661] (Reading database ... 75%(Reading database ... 80%(Reading database ... 85%[2025-10-12 05:12:33.361109] (Reading database ... 90%(Reading database ... 95%[2025-10-12 05:12:33.363108] (Reading database ... 100%(Reading database ... 23146 files and directories currently installed.)
Preparing to unpack .../00-libproc2-0_2%3a4.0.2-3_amd64.deb ...
Unpacking libproc2-0:amd64 (2:4.0.2-3) ...
Selecting previously unselected package procps.
Preparing to unpack .../01-procps_2%3a4.0.2-3_amd64.deb ...
Unpacking procps (2:4.0.2-3) ...
Selecting previously unselected package libarchive13:amd64.
Preparing to unpack .../02-libarchive13_3.6.2-1+deb12u3_amd64.deb ...
Unpacking libarchive13:amd64 (3.6.2-1+deb12u3) ...
Selecting previously unselected package libjsoncpp25:amd64.
Preparing to unpack .../03-libjsoncpp25_1.9.5-4_amd64.deb ...
Unpacking libjsoncpp25:amd64 (1.9.5-4) ...
Selecting previously unselected package librhash0:amd64.
Preparing to unpack .../04-librhash0_1.4.3-3_amd64.deb ...
Unpacking librhash0:amd64 (1.4.3-3) ...
Selecting previously unselected package libuv1:amd64.
Preparing to unpack .../05-libuv1_1.44.2-1+deb12u1_amd64.deb ...
Unpacking libuv1:amd64 (1.44.2-1+deb12u1) ...
Selecting previously unselected package cmake-data.
Preparing to unpack .../06-cmake-data_3.25.1-1_all.deb ...
Unpacking cmake-data (3.25.1-1) ...
Selecting previously unselected package cmake.
Preparing to unpack .../07-cmake_3.25.1-1_amd64.deb ...
Unpacking cmake (3.25.1-1) ...
Selecting previously unselected package libdrm-common.
Preparing to unpack .../08-libdrm-common_2.4.114-1_all.deb ...
Unpacking libdrm-common (2.4.114-1) ...
Selecting previously unselected package libdrm2:amd64.
Preparing to unpack .../09-libdrm2_2.4.114-1+b1_amd64.deb ...
Unpacking libdrm2:amd64 (2.4.114-1+b1) ...
Selecting previously unselected package libdrm-amdgpu1:amd64.
Preparing to unpack .../10-libdrm-amdgpu1_2.4.114-1+b1_amd64.deb ...
Unpacking libdrm-amdgpu1:amd64 (2.4.114-1+b1) ...
Selecting previously unselected package libpciaccess0:amd64.
Preparing to unpack .../11-libpciaccess0_0.17-2_amd64.deb ...
Unpacking libpciaccess0:amd64 (0.17-2) ...
Selecting previously unselected package libdrm-intel1:amd64.
Preparing to unpack .../12-libdrm-intel1_2.4.114-1+b1_amd64.deb ...
Unpacking libdrm-intel1:amd64 (2.4.114-1+b1) ...
Selecting previously unselected package libdrm-nouveau2:amd64.
Preparing to unpack .../13-libdrm-nouveau2_2.4.114-1+b1_amd64.deb ...
Unpacking libdrm-nouveau2:amd64 (2.4.114-1+b1) ...
Selecting previously unselected package libdrm-radeon1:amd64.
Preparing to unpack .../14-libdrm-radeon1_2.4.114-1+b1_amd64.deb ...
Unpacking libdrm-radeon1:amd64 (2.4.114-1+b1) ...
Selecting previously unselected package libglvnd0:amd64.
Preparing to unpack .../15-libglvnd0_1.6.0-1_amd64.deb ...
Unpacking libglvnd0:amd64 (1.6.0-1) ...
Selecting previously unselected package libglapi-mesa:amd64.
Preparing to unpack .../16-libglapi-mesa_22.3.6-1+deb12u1_amd64.deb ...
Unpacking libglapi-mesa:amd64 (22.3.6-1+deb12u1) ...
Selecting previously unselected package libx11-xcb1:amd64.
Preparing to unpack .../17-libx11-xcb1_2%3a1.8.4-2+deb12u2_amd64.deb ...
Unpacking libx11-xcb1:amd64 (2:1.8.4-2+deb12u2) ...
Selecting previously unselected package libxcb-dri2-0:amd64.
Preparing to unpack .../18-libxcb-dri2-0_1.15-1_amd64.deb ...
Unpacking libxcb-dri2-0:amd64 (1.15-1) ...
Selecting previously unselected package libxcb-dri3-0:amd64.
Preparing to unpack .../19-libxcb-dri3-0_1.15-1_amd64.deb ...
Unpacking libxcb-dri3-0:amd64 (1.15-1) ...
Selecting previously unselected package libxcb-glx0:amd64.
Preparing to unpack .../20-libxcb-glx0_1.15-1_amd64.deb ...
Unpacking libxcb-glx0:amd64 (1.15-1) ...
Selecting previously unselected package libxcb-present0:amd64.
Preparing to unpack .../21-libxcb-present0_1.15-1_amd64.deb ...
Unpacking libxcb-present0:amd64 (1.15-1) ...
Selecting previously unselected package libxcb-randr0:amd64.
Preparing to unpack .../22-libxcb-randr0_1.15-1_amd64.deb ...
Unpacking libxcb-randr0:amd64 (1.15-1) ...
Selecting previously unselected package libxcb-shm0:amd64.
Preparing to unpack .../23-libxcb-shm0_1.15-1_amd64.deb ...
Unpacking libxcb-shm0:amd64 (1.15-1) ...
Selecting previously unselected package libxcb-sync1:amd64.
Preparing to unpack .../24-libxcb-sync1_1.15-1_amd64.deb ...
Unpacking libxcb-sync1:amd64 (1.15-1) ...
Selecting previously unselected package libxcb-xfixes0:amd64.
Preparing to unpack .../25-libxcb-xfixes0_1.15-1_amd64.deb ...
Unpacking libxcb-xfixes0:amd64 (1.15-1) ...
Selecting previously unselected package libxfixes3:amd64.
Preparing to unpack .../26-libxfixes3_1%3a6.0.0-2_amd64.deb ...
Unpacking libxfixes3:amd64 (1:6.0.0-2) ...
Selecting previously unselected package libxshmfence1:amd64.
Preparing to unpack .../27-libxshmfence1_1.3-1_amd64.deb ...
Unpacking libxshmfence1:amd64 (1.3-1) ...
Selecting previously unselected package libxxf86vm1:amd64.
Preparing to unpack .../28-libxxf86vm1_1%3a1.1.4-1+b2_amd64.deb ...
Unpacking libxxf86vm1:amd64 (1:1.1.4-1+b2) ...
Selecting previously unselected package libz3-4:amd64.
Preparing to unpack .../29-libz3-4_4.8.12-3.1_amd64.deb ...
Unpacking libz3-4:amd64 (4.8.12-3.1) ...
Selecting previously unselected package libllvm15:amd64.
Preparing to unpack .../30-libllvm15_1%3a15.0.6-4+b1_amd64.deb ...
Unpacking libllvm15:amd64 (1:15.0.6-4+b1) ...
Selecting previously unselected package libsensors-config.
Preparing to unpack .../31-libsensors-config_1%3a3.6.0-7.1_all.deb ...
Unpacking libsensors-config (1:3.6.0-7.1) ...
Selecting previously unselected package libsensors5:amd64.
Preparing to unpack .../32-libsensors5_1%3a3.6.0-7.1_amd64.deb ...
Unpacking libsensors5:amd64 (1:3.6.0-7.1) ...
Selecting previously unselected package libgl1-mesa-dri:amd64.
Preparing to unpack .../33-libgl1-mesa-dri_22.3.6-1+deb12u1_amd64.deb ...
Unpacking libgl1-mesa-dri:amd64 (22.3.6-1+deb12u1) ...
Selecting previously unselected package libglx-mesa0:amd64.
Preparing to unpack .../34-libglx-mesa0_22.3.6-1+deb12u1_amd64.deb ...
Unpacking libglx-mesa0:amd64 (22.3.6-1+deb12u1) ...
Selecting previously unselected package libglx0:amd64.
Preparing to unpack .../35-libglx0_1.6.0-1_amd64.deb ...
Unpacking libglx0:amd64 (1.6.0-1) ...
Selecting previously unselected package libgl1:amd64.
Preparing to unpack .../36-libgl1_1.6.0-1_amd64.deb ...
Unpacking libgl1:amd64 (1.6.0-1) ...
Selecting previously unselected package psmisc.
Preparing to unpack .../37-psmisc_23.6-1_amd64.deb ...
Unpacking psmisc (23.6-1) ...
Setting up libxcb-dri3-0:amd64 (1.15-1) ...
Setting up libx11-xcb1:amd64 (2:1.8.4-2+deb12u2) ...
Setting up libpciaccess0:amd64 (0.17-2) ...
Setting up libxcb-xfixes0:amd64 (1.15-1) ...
Setting up libarchive13:amd64 (3.6.2-1+deb12u3) ...
Setting up psmisc (23.6-1) ...
Setting up libglvnd0:amd64 (1.6.0-1) ...
Setting up libxcb-glx0:amd64 (1.15-1) ...
Setting up libsensors-config (1:3.6.0-7.1) ...
Setting up libxcb-shm0:amd64 (1.15-1) ...
Setting up libxxf86vm1:amd64 (1:1.1.4-1+b2) ...
Setting up libxcb-present0:amd64 (1.15-1) ...
Setting up libz3-4:amd64 (4.8.12-3.1) ...
Setting up libuv1:amd64 (1.44.2-1+deb12u1) ...
Setting up libxfixes3:amd64 (1:6.0.0-2) ...
Setting up libxcb-sync1:amd64 (1.15-1) ...
Setting up libproc2-0:amd64 (2:4.0.2-3) ...
Setting up libjsoncpp25:amd64 (1.9.5-4) ...
Setting up libsensors5:amd64 (1:3.6.0-7.1) ...
Setting up libglapi-mesa:amd64 (22.3.6-1+deb12u1) ...
Setting up libxcb-dri2-0:amd64 (1.15-1) ...
Setting up libxshmfence1:amd64 (1.3-1) ...
Setting up librhash0:amd64 (1.4.3-3) ...
Setting up libxcb-randr0:amd64 (1.15-1) ...
Setting up procps (2:4.0.2-3) ...
Setting up libllvm15:amd64 (1:15.0.6-4+b1) ...
Setting up cmake-data (3.25.1-1) ...
Setting up libdrm-common (2.4.114-1) ...
Setting up libdrm2:amd64 (2.4.114-1+b1) ...
Setting up cmake (3.25.1-1) ...
Setting up libdrm-amdgpu1:amd64 (2.4.114-1+b1) ...
Setting up libdrm-nouveau2:amd64 (2.4.114-1+b1) ...
Setting up libdrm-radeon1:amd64 (2.4.114-1+b1) ...
Setting up libdrm-intel1:amd64 (2.4.114-1+b1) ...
Setting up libgl1-mesa-dri:amd64 (22.3.6-1+deb12u1) ...
Setting up libglx-mesa0:amd64 (22.3.6-1+deb12u1) ...
Setting up libglx0:amd64 (1.6.0-1) ...
Setting up libgl1:amd64 (1.6.0-1) ...
Processing triggers for libc-bin (2.36-9+deb12u13) ...

â”€â”€â”€â”€â”€â”€â”€â”€â”€â”€â”€â”€â”€â”€â”€â”€â”€â”€â”€â”€â”€â”€â”€â”€â”€â”€â”€â”€â”€â”€â”€â”€â”€â”€â”€â”€â”€â”€â”€â”€ uv â”€â”€â”€â”€â”€â”€â”€â”€â”€â”€â”€â”€â”€â”€â”€â”€â”€â”€â”€â”€â”€â”€â”€â”€â”€â”€â”€â”€â”€â”€â”€â”€â”€â”€â”€â”€â”€â”€â”€â”€â”€â”€â”€

Using uv pip install.
Using Python 3.10.18 environment at /home/adminuser/venv
Resolved 80 packages in 4.89s
  Ã— Failed to download and build `dlib==19.24.2`
  â•°â”€â–¶ Build backend failed to build wheel through `build_wheel` (exit status:
      1)

      [stdout]
      running bdist_wheel
      running build
      running build_ext
      Building extension for Python 3.10.18 (main, Sep 30 2025, 00:45:56)
      [GCC 12.2.0]
      Invoking CMake setup: 'cmake
      /home/adminuser/.cache/uv/sdists-v6/pypi/dlib/19.24.2/R0cNYwQvV3DJXxI-BVyIK/src/tools/python
      -DCMAKE_LIBRARY_OUTPUT_DIRECTORY=/home/adminuser/.cache/uv/sdists-v6/pypi/dlib/19.24.2/R0cNYwQvV3DJXxI-BVyIK/src/build/lib.linux-x86_64-cpython-310
      -DPYTHON_EXECUTABLE=/home/adminuser/.cache/uv/builds-v0/.tmpMbkKHU/bin/python
      -DCMAKE_BUILD_TYPE=Release'
      -- The C compiler identification is GNU 12.2.0
      -- The CXX compiler identification is GNU 12.2.0
      -- Detecting C compiler ABI info
      -- Detecting C compiler ABI info - done
      -- Check for working C compiler: /usr/bin/cc - skipped
      -- Detecting C compile features
      -- Detecting C compile features - done
      -- Detecting CXX compiler ABI info
      -- Detecting CXX compiler ABI info - done
      -- Check for working CXX compiler: /usr/bin/c++ - skipped
      -- Detecting CXX compile features
      -- Detecting CXX compile features - done
      -- Configuring incomplete, errors occurred!

      [stderr][2025-10-12 05:12:50.511423] 
      <string>:190: SetuptoolsDeprecationWarning: The test command is disabled
      and references to it are deprecated.
      !!

      
      ********************************************************************************
              Please remove any references to `setuptools.command.test` in all
      supported versions of the affected package.

              This deprecation is overdue, please update your project and
      remove deprecated
              calls to avoid build errors in the future.
      
      ********************************************************************************

      !!
      /home/adminuser/.cache/uv/builds-v0/.tmpMbkKHU/lib/python3.10/site-packages/setuptools/_distutils/dist.py:289:
      UserWarning: Unknown distribution option: 'tests_require'
        warnings.warn(msg)
      CMake Deprecation Warning at CMakeLists.txt:2 (CMAKE_MINIMUM_REQUIRED):
        Compatibility with CMake < 3.10 will be removed from a future version
      of
        CMake.

        Update the VERSION argument <min> value.  Or, use the <min>...<max>
      syntax
        to tell CMake that the project requires at least <min> but has been
      updated
        to work with policies introduced by <max> or earlier.

      
      CMake Error at
      /home/adminuser/.cache/uv/sdists-v6/pypi/dlib/19.24.2/R0cNYwQvV3DJXxI-BVyIK/src/dlib/external/pybind11/CMakeLists.txt:8
      (cmake_minimum_required):
        Compatibility with CMake < 3.5 has been removed from CMake.

        Update the VERSION argument <min> value.  Or, use the <min>...<max>
      syntax
        to tell CMake that the project requires at least <min> but has been
      updated
        to work with policies introduced by <max> or earlier.

        Or, add -DCMAKE_POLICY_VERSION_MINIMUM=3.5 to try configuring anyway.

      
      Traceback (most recent call last):
        File "<string>", line 11, in <module>
        File
      "/home/adminuser/.cache/uv/builds-v0/.tmpMbkKHU/lib/python3.10/site-packages/setuptools/build_meta.py",
      line 432, in build_wheel
          return _build(['bdist_wheel'])
        File
      "/home/adminuser/.cache/uv/builds-v0/.tmpMbkKHU/lib/python3.10/site-packages/setuptools/build_meta.py",
      line 423, in _build
          return self._build_with_temp_dir(
        File
      "/home/adminuser/.cache/uv/builds-v0/.tmpMbkKHU/lib/python3.10/site-packages/setuptools/build_meta.py",
      line 404, in _build_with_temp_dir
          self.run_setup()
        File
      "/home/adminuser/.cache/uv/builds-v0/.tmpMbkKHU/lib/python3.10/site-packages/setuptools/build_meta.py",
      line 317, in run_setup
          exec(code, locals())
        File "<string>", line 218, in <module>
        File
      "/home/adminuser/.cache/uv/builds-v0/.tmpMbkKHU/lib/python3.10/site-packages/setuptools/__init__.py",
      line 115, in setup
          return distutils.core.setup(**attrs)
        File
      "/home/adminuser/.cache/uv/builds-v0/.tmpMbkKHU/lib/python3.10/site-packages/setuptools/_distutils/core.py",
      line 186, in setup
          return run_commands(dist)
        File
      "/home/adminuser/.cache/uv/builds-v0/.tmpMbkKHU/lib/python3.10/site-packages/setuptools/_distutils/core.py",
      line 202, in run_commands
          dist.run_commands()
        File
      "/home/adminuser/.cache/uv/builds-v0/.tmpMbkKHU/lib/python3.10/site-packages/setuptools/_distutils/dist.py",
      line 1002, in run_commands
          self.run_command(cmd)
        File
      "/home/adminuser/.cache/uv/builds-v0/.tmpMbkKHU/lib/python3.10/site-packages/setuptools/dist.py",
      line 1102, in run_command
          super().run_command(command)
        File
      "/home/adminuser/.cache/uv/builds-v0/.tmpMbkKHU/lib/python3.10/site-packages/setuptools/_distutils/dist.py",
      line 1021, in run_command
          cmd_obj.run()
        File
      "/home/adminuser/.cache/uv/builds-v0/.tmpMbkKHU/lib/python3.10/site-packages/setuptools/command/bdist_wheel.py",
      line 370, in run
          self.run_command("build")
        File
      "/home/adminuser/.cache/uv/builds-v0/.tmpMbkKHU/lib/python3.10/site-packages/setuptools/_distutils/cmd.py",
      line 357, in run_command
          self.distribution.run_command(command)
        File
      "/home/adminuser/.cache/uv/builds-v0/.tmpMbkKHU/lib/python3.10/site-packages/setuptools/dist.py",
      line 1102, in run_command
          super().run_command(command)
        File
      "/home/adminuser/.cache/uv/builds-v0/.tmpMbkKHU/lib/python3.10/site-packages/setuptools/_distutils/dist.py",
      line 1021, in run_command
          cmd_obj.run()
        File
      "/home/adminuser/.cache/uv/builds-v0/.tmpMbkKHU/lib/python3.10/site-packages/setuptools/_distutils/command/build.py",
      line 135, in run
          self.run_command(cmd_name)
        File
      "/home/adminuser/.cache/uv/builds-v0/.tmpMbkKHU/lib/python3.10/site-packages/setuptools/_distutils/cmd.py",
      line 357, in run_command
          self.distribution.run_command(command)
        File
      "/home/adminuser/.cache/uv/builds-v0/.tmpMbkKHU/lib/python3.10/site-packages/setuptools/dist.py",
      line 1102, in run_command
          super().run_command(command)
        File
      "/home/adminuser/.cache/uv/builds-v0/.tmpMbkKHU/lib/python3.10/site-packages/setuptools/_distutils/dist.py",
      line 1021, in run_command
          cmd_obj.run()
        File "<string>", line 130, in run
        File "<string>", line 167, in build_extension
        File "/usr/local/lib/python3.10/subprocess.py", line 369, in
      check_call
          raise CalledProcessError(retcode, cmd)
      subprocess.CalledProcessError: Command '['cmake',
      '/home/adminuser/.cache/uv/sdists-v6/pypi/dlib/19.24.2/R0cNYwQvV3DJXxI-BVyIK/src/tools/python',
      '-DCMAKE_LIBRARY_OUTPUT_DIRECTORY=/home/adminuser/.cache/uv/sdists-v6/pypi/dlib/19.24.2/R0cNYwQvV3DJXxI-BVyIK/src/build/lib.linux-x86_64-cpython-310',
      '-DPYTHON_EXECUTABLE=/home/adminuser/.cache/uv/builds-v0/.tmpMbkKHU/bin/python',
      '-DCMAKE_BUILD_TYPE=Release']' returned non-zero exit status 1.

Checking if Streamlit is installed
Installing rich for an improved exception logging
Using uv pip install.
Using Python 3.10.18 environment at /home/adminuser/venv
Resolved 4 packages in 139ms
Prepared 4 packages in 183ms
Installed 4 packages in 13ms
 + markdown-it-py==4.0.0
 + mdurl==[2025-10-12 05:12:50.890160] 0.1.2
 + pygments==2.19.2
 + rich==14.2.0

â”€â”€â”€â”€â”€â”€â”€â”€â”€â”€â”€â”€â”€â”€â”€â”€â”€â”€â”€â”€â”€â”€â”€â”€â”€â”€â”€â”€â”€â”€â”€â”€â”€â”€â”€â”€â”€â”€â”€â”€â”€â”€â”€â”€â”€â”€â”€â”€â”€â”€â”€â”€â”€â”€â”€â”€â”€â”€â”€â”€â”€â”€â”€â”€â”€â”€â”€â”€â”€â”€â”€â”€â”€â”€â”€â”€â”€â”€â”€â”€â”€â”€â”€â”€â”€â”€â”€â”€

[05:12:25] ğŸš€ Starting up repository: 'smart-notif-deploy', branch: 'main', main module: 'smart-notification-app.py'
[05:12:25] ğŸ™ Cloning repository...
[05:12:34] ğŸ™ Cloning into '/mount/src/smart-notif-deploy'...
Updating files:  35% (4296/11945)Updating files:  36% (4301/11945)Updating files:  37% (4420/11945)Updating files:  38% (4540/11945)Updating files:  38% (4590/11945)Updating files:  39% (4659/11945)Updating files:  40% (4778/11945)Updating files:  41% (4898/11945)Updating files:  42% (5017/11945)Updating files:  43% (5137/11945)Updating files:  44% (5256/11945)Updating files:  45% (5376/11945)Updating files:  46% (5495/11945)Updating files:  47% (5615/11945)Updating files:  48% (5734/11945)Updating files:  49% (5854/11945)Updating files:  50% (5973/11945)Updating files:  51% (6092/11945)Updating files:  52% (6212/11945)Updating files:  53% (6331/11945)Updating files:  54% (6451/11945)Updating files:  55% (6570/11945)Updating files:  56% (6690/11945)Updating files:  57% (6809/11945)Updating files:  58% (6929/11945)Updating files:  59% (7048/11945)Updating files:  60% (7167/11945)Updating files:  61% (7287/11945)Updating files:  62% (7406/11945)Updating files:  63% (7526/11945)Updating files:  64% (7645/11945)Updating files:  65% (7765/11945)Updating files:  66% (7884/11945)Updating files:  67% (8004/11945)Updating files:  68% (8123/11945)Updating files:  69% (8243/11945)Updating files:  70% (8362/11945)Updating files:  71% (8481/11945)Updating files:  72% (8601/11945)Updating files:  73% (8720/11945)Updating files:  74% (8840/11945)Updating files:  75% (8959/11945)Updating files:  76% (9079/11945)Updating files:  77% (9198/11945)Updating files:  78% (9318/11945)Updating files:  79% (9437/11945)Updating files:  80% (9556/11945)Updating files:  81% (9676/11945)Updating files:  82% (9795/11945)Updating files:  83% (9915/11945)Updating files:  84% (10034/11945)Updating files:  85% (10154/11945)Updating files:  86% (10273/11945)Updating files:  87% (10393/11945)Updating files:  88% (10512/11945)Updating files:  89% (10632/11945)Updating files:  90% (10751/11945)Updating files:  91% (10870/11945)Updating files:  92% (10990/11945)Updating files:  93% (11109/11945)Updating files:  94% (11229/11945)Updating files:  95% (11348/11945)Updating files:  96% (11468/11945)Updating files:  97% (11587/11945)Updating files:  98% (11707/11945)Updating files:  99% (11826/11945)Updating files: 100% (11945/11945)Updating files: 100% (11945/11945), done.

[05:12:34] ğŸ™ Cloned repository!
[05:12:34] ğŸ™ Pulling code changes from Github...
[05:12:38] ğŸ“¦ Processing dependencies...
[05:12:38] ğŸ“¦ Apt dependencies were installed from /mount/src/smart-notif-deploy/packages.txt using apt-get.
Hit:1 http://deb.debian.org/debian bookworm InRelease
Get:2 http://deb.debian.org/debian bookworm-updates InRelease [55.4 kB]
Get:3 http://deb.debian.org/debian-security bookworm-security InRelease [48.0 kB]
Get:4 https://packages.microsoft.com/debian/11/prod bullseye InRelease [3650 B]
Get:5 http://deb.debian.org/debian-security bookworm-security/main amd64 Packages [281 kB]
Get:6 https://packages.microsoft.com/debian/11/prod bullseye/main amd64 Packages [210 kB]
Get:7 https://packages.microsoft.com/debian/11/prod bullseye/main arm64 Packages [55.5 kB]
Fetched 653 kB in 0s (1397 kB/s)
Reading package lists...[2025-10-12 05:12:39.453842] 
Reading package lists...[2025-10-12 05:12:40.008473] 
Building dependency tree...[2025-10-12 05:12:40.169506] 
Reading state information...[2025-10-12 05:12:40.169887] 
build-essential is already the newest version (12.9).
libglib2.0-0 is already the newest version (2.74.6-2+deb12u7).
libglib2.0-0 set to manually installed.
The following additional packages will be installed:
  cmake-data libarchive13 libdrm-amdgpu1 libdrm-common libdrm-intel1
  libdrm-nouveau2 libdrm-radeon1 libdrm2 libgl1-mesa-dri libglapi-mesa
  libglvnd0 libglx-mesa0 libglx0 libjsoncpp25 libllvm15 libpciaccess0
  libproc2-0 librhash0 libsensors-config libsensors5 libuv1 libx11-xcb1
  libxcb-dri2-0 libxcb-dri3-0 libxcb-glx0 libxcb-present0 libxcb-randr0
  libxcb-shm0 libxcb-sync1 libxcb-xfixes0 libxfixes3 libxshmfence1 libxxf86vm1
  libz3-4 procps psmisc
Suggested packages:
  cmake-doc cmake-format elpa-cmake-mode ninja-build lrzip pciutils lm-sensors
The following NEW packages will be installed:
  cmake cmake-data libarchive13 libdrm-amdgpu1 libdrm-common libdrm-intel1
  libdrm-nouveau2 libdrm-radeon1 libdrm2 libgl1 libgl1-mesa-dri libglapi-mesa
  libglvnd0 libglx-mesa0 libglx0 libjsoncpp25 libllvm15 libpciaccess0
  libproc2-0 librhash0 libsensors-config libsensors5 libuv1 libx11-xcb1
  libxcb-dri2-0 libxcb-dri3-0 libxcb-glx0 libxcb-present0 libxcb-randr0
  libxcb-shm0 libxcb-sync1 libxcb-xfixes0 libxfixes3 libxshmfence1 libxxf86vm1
  libz3-4 procps psmisc
0 upgraded, 38 newly installed, 0 to remove and 3 not upgraded.
Need to get 51.8 MB of archives.
After this operation, 217 MB of additional disk space will be used.
Get:1 http://deb.debian.org/debian bookworm/main amd64 libproc2-0 amd64 2:4.0.2-3 [62.8 kB]
Get:2 http://deb.debian.org/debian bookworm/main amd64 procps amd64 2:4.0.2-3 [709 kB]
Get:3 http://deb.debian.org/debian bookworm/main amd64 libarchive13 amd64 3.6.2-1+deb12u3 [343 kB]
Get:4 http://deb.debian.org/debian bookworm/main amd64 libjsoncpp25 amd64 1.9.5-4 [78.6 kB]
Get:5 http://deb.debian.org/debian bookworm/main amd64 librhash0 amd64 1.4.3-3 [134 kB]
Get:6 http://deb.debian.org/debian bookworm/main amd64 libuv1 amd64 1.44.2-1+deb12u1 [136 kB]
Get:7 http://deb.debian.org/debian bookworm/main amd64 cmake-data all 3.25.1-1 [2026 kB]
Get:8 http://deb.debian.org/debian bookworm/main amd64 cmake amd64 3.25.1-1 [8692 kB]
Get:9 http://deb.debian.org/debian bookworm/main amd64 libdrm-common all 2.4.114-1 [7112 B]
Get:10 http://deb.debian.org/debian bookworm/main amd64 libdrm2 amd64 2.4.114-1+b1 [37.5 kB]
Get:11 http://deb.debian.org/debian bookworm/main amd64 libdrm-amdgpu1 amd64 2.4.114-1+b1 [20.9 kB]
Get:12 http://deb.debian.org/debian bookworm/main amd64 libpciaccess0 amd64 0.17-2 [51.4 kB]
Get:13 http://deb.debian.org/debian bookworm/main amd64 libdrm-intel1 amd64 2.4.114-1+b1 [64.0 kB]
Get:14 http://deb.debian.org/debian bookworm/main amd64 libdrm-nouveau2 amd64 2.4.114-1+b1 [19.1 kB]
Get:15 http://deb.debian.org/debian bookworm/main amd64 libdrm-radeon1 amd64 2.4.114-1+b1 [21.8 kB]
Get:16 http://deb.debian.org/debian bookworm/main amd64 libglvnd0 amd64 1.6.0-1 [51.8 kB]
Get:17 http://deb.debian.org/debian bookworm/main amd64 libglapi-mesa amd64 22.3.6-1+deb12u1 [35.7 kB]
Get:18 http://deb.debian.org/debian bookworm/main amd64 libx11-xcb1 amd64 2:1.8.4-2+deb12u2 [192 kB]
Get:19 http://deb.debian.org/debian bookworm/main amd64 libxcb-dri2-0 amd64 1.15-1 [107 kB]
Get:20 http://deb.debian.org/debian bookworm/main amd64 libxcb-dri3-0 amd64 1.15-1 [107 kB]
Get:21 http://deb.debian.org/debian bookworm/main amd64 libxcb-glx0 amd64 1.15-1 [122 kB]
Get:22 http://deb.debian.org/debian bookworm/main amd64 libxcb-present0 amd64 1.15-1 [105 kB]
Get:23 http://deb.debian.org/debian bookworm/main amd64 libxcb-randr0 amd64 1.15-1 [117 kB]
Get:24 http://deb.debian.org/debian bookworm/main amd64 libxcb-shm0 amd64 1.15-1 [105 kB]
Get:25 http://deb.debian.org/debian bookworm/main amd64 libxcb-sync1 amd64 1.15-1 [109 kB]
Get:26 http://deb.debian.org/debian bookworm/main amd64 libxcb-xfixes0 amd64 1.15-1 [109 kB]
Get:27 http://deb.debian.org/debian bookworm/main amd64 libxfixes3 amd64 1:6.0.0-2 [22.7 kB]
Get:28 http://deb.debian.org/debian bookworm/main amd64 libxshmfence1 amd64 1.3-1 [8820 B]
Get:29 http://deb.debian.org/debian bookworm/main amd64 libxxf86vm1 amd64 1:1.1.4-1+b2 [20.8 kB]
Get:30 http://deb.debian.org/debian bookworm/main amd64 libz3-4 amd64 4.8.12-3.1 [7216 kB]
Get:31 http://deb.debian.org/debian bookworm/main amd64 libllvm15 amd64 1:15.0.6-4+b1 [23.1 MB]
Get:32 http://deb.debian.org/debian bookworm/main amd64 libsensors-config all 1:3.6.0-7.1 [14.3 kB]
Get:33 http://deb.debian.org/debian bookworm/main amd64 libsensors5 amd64 1:3.6.0-7.1 [34.2 kB]
Get:34 http://deb.debian.org/debian bookworm/main amd64 libgl1-mesa-dri amd64 22.3.6-1+deb12u1 [7239 kB]
Get:35 http://deb.debian.org/debian bookworm/main amd64 libglx-mesa0 amd64 22.3.6-1+deb12u1 [147 kB]
Get:36 http://deb.debian.org/debian bookworm/main amd64 libglx0 amd64 1.6.0-1 [34.4 kB]
Get:37 http://deb.debian.org/debian bookworm/main amd64 libgl1 amd64 1.6.0-1 [88.4 kB]
Get:38 http://deb.debian.org/debian bookworm/main amd64 psmisc amd64 23.6-1 [259 kB]
debconf: delaying package configuration, since apt-utils is not installed
Fetched 51.8 MB in 0s (128 MB/s)
Selecting previously unselected package libproc2-0:amd64.
(Reading database ... [2025-10-12 05:12:41.210724] (Reading database ... 5%(Reading database ... 10%(Reading database ... 15%(Reading database ... 20%(Reading database ... 25%(Reading database ... 30%(Reading database ... 35%(Reading database ... 40%(Reading database ... 45%(Reading database ... 50%(Reading database ... 55%(Reading database ... 60%(Reading database ... 65%[2025-10-12 05:12:41.214028] (Reading database ... 70%[2025-10-12 05:12:41.215399] (Reading database ... 75%[2025-10-12 05:12:41.217545] (Reading database ... 80%[2025-10-12 05:12:41.219782] (Reading database ... 85%[2025-10-12 05:12:41.220961] (Reading database ... 90%[2025-10-12 05:12:41.223932] (Reading database ... 95%[2025-10-12 05:12:41.227526] (Reading database ... 100%(Reading database ... 23146 files and directories currently installed.)
Preparing to unpack .../00-libproc2-0_2%3a4.0.2-3_amd64.deb ...
Unpacking libproc2-0:amd64 (2:4.0.2-3) ...
Selecting previously unselected package procps.
Preparing to unpack .../01-procps_2%3a4.0.2-3_amd64.deb ...
Unpacking procps (2:4.0.2-3) ...
Selecting previously unselected package libarchive13:amd64.
Preparing to unpack .../02-libarchive13_3.6.2-1+deb12u3_amd64.deb ...
Unpacking libarchive13:amd64 (3.6.2-1+deb12u3) ...
Selecting previously unselected package libjsoncpp25:amd64.
Preparing to unpack .../03-libjsoncpp25_1.9.5-4_amd64.deb ...
Unpacking libjsoncpp25:amd64 (1.9.5-4) ...
Selecting previously unselected package librhash0:amd64.
Preparing to unpack .../04-librhash0_1.4.3-3_amd64.deb ...
Unpacking librhash0:amd64 (1.4.3-3) ...
Selecting previously unselected package libuv1:amd64.
Preparing to unpack .../05-libuv1_1.44.2-1+deb12u1_amd64.deb ...
Unpacking libuv1:amd64 (1.44.2-1+deb12u1) ...
Selecting previously unselected package cmake-data.
Preparing to unpack .../06-cmake-data_3.25.1-1_all.deb ...
Unpacking cmake-data (3.25.1-1) ...
Selecting previously unselected package cmake.
Preparing to unpack .../07-cmake_3.25.1-1_amd64.deb ...
Unpacking cmake (3.25.1-1) ...
Selecting previously unselected package libdrm-common.
Preparing to unpack .../08-libdrm-common_2.4.114-1_all.deb ...
Unpacking libdrm-common (2.4.114-1) ...
Selecting previously unselected package libdrm2:amd64.
Preparing to unpack .../09-libdrm2_2.4.114-1+b1_amd64.deb ...
Unpacking libdrm2:amd64 (2.4.114-1+b1) ...
Selecting previously unselected package libdrm-amdgpu1:amd64.
Preparing to unpack .../10-libdrm-amdgpu1_2.4.114-1+b1_amd64.deb ...
Unpacking libdrm-amdgpu1:amd64 (2.4.114-1+b1) ...
Selecting previously unselected package libpciaccess0:amd64.
Preparing to unpack .../11-libpciaccess0_0.17-2_amd64.deb ...
Unpacking libpciaccess0:amd64 (0.17-2) ...
Selecting previously unselected package libdrm-intel1:amd64.
Preparing to unpack .../12-libdrm-intel1_2.4.114-1+b1_amd64.deb ...
Unpacking libdrm-intel1:amd64 (2.4.114-1+b1) ...
Selecting previously unselected package libdrm-nouveau2:amd64.
Preparing to unpack .../13-libdrm-nouveau2_2.4.114-1+b1_amd64.deb ...
Unpacking libdrm-nouveau2:amd64 (2.4.114-1+b1) ...
Selecting previously unselected package libdrm-radeon1:amd64.
Preparing to unpack .../14-libdrm-radeon1_2.4.114-1+b1_amd64.deb ...
Unpacking libdrm-radeon1:amd64 (2.4.114-1+b1) ...
Selecting previously unselected package libglvnd0:amd64.
Preparing to unpack .../15-libglvnd0_1.6.0-1_amd64.deb ...
Unpacking libglvnd0:amd64 (1.6.0-1) ...
Selecting previously unselected package libglapi-mesa:amd64.
Preparing to unpack .../16-libglapi-mesa_22.3.6-1+deb12u1_amd64.deb ...
Unpacking libglapi-mesa:amd64 (22.3.6-1+deb12u1) ...
Selecting previously unselected package libx11-xcb1:amd64.
Preparing to unpack .../17-libx11-xcb1_2%3a1.8.4-2+deb12u2_amd64.deb ...
Unpacking libx11-xcb1:amd64 (2:1.8.4-2+deb12u2) ...
Selecting previously unselected package libxcb-dri2-0:amd64.
Preparing to unpack .../18-libxcb-dri2-0_1.15-1_amd64.deb ...
Unpacking libxcb-dri2-0:amd64 (1.15-1) ...
Selecting previously unselected package libxcb-dri3-0:amd64.
Preparing to unpack .../19-libxcb-dri3-0_1.15-1_amd64.deb ...
Unpacking libxcb-dri3-0:amd64 (1.15-1) ...
Selecting previously unselected package libxcb-glx0:amd64.
Preparing to unpack .../20-libxcb-glx0_1.15-1_amd64.deb ...
Unpacking libxcb-glx0:amd64 (1.15-1) ...
Selecting previously unselected package libxcb-present0:amd64.
Preparing to unpack .../21-libxcb-present0_1.15-1_amd64.deb ...
Unpacking libxcb-present0:amd64 (1.15-1) ...
Selecting previously unselected package libxcb-randr0:amd64.
Preparing to unpack .../22-libxcb-randr0_1.15-1_amd64.deb ...
Unpacking libxcb-randr0:amd64 (1.15-1) ...
Selecting previously unselected package libxcb-shm0:amd64.
Preparing to unpack .../23-libxcb-shm0_1.15-1_amd64.deb ...
Unpacking libxcb-shm0:amd64 (1.15-1) ...
Selecting previously unselected package libxcb-sync1:amd64.
Preparing to unpack .../24-libxcb-sync1_1.15-1_amd64.deb ...
Unpacking libxcb-sync1:amd64 (1.15-1) ...
Selecting previously unselected package libxcb-xfixes0:amd64.
Preparing to unpack .../25-libxcb-xfixes0_1.15-1_amd64.deb ...
Unpacking libxcb-xfixes0:amd64 (1.15-1) ...
Selecting previously unselected package libxfixes3:amd64.
Preparing to unpack .../26-libxfixes3_1%3a6.0.0-2_amd64.deb ...
Unpacking libxfixes3:amd64 (1:6.0.0-2) ...
Selecting previously unselected package libxshmfence1:amd64.
Preparing to unpack .../27-libxshmfence1_1.3-1_amd64.deb ...
Unpacking libxshmfence1:amd64 (1.3-1) ...
Selecting previously unselected package libxxf86vm1:amd64.
Preparing to unpack .../28-libxxf86vm1_1%3a1.1.4-1+b2_amd64.deb ...
Unpacking libxxf86vm1:amd64 (1:1.1.4-1+b2) ...
Selecting previously unselected package libz3-4:amd64.
Preparing to unpack .../29-libz3-4_4.8.12-3.1_amd64.deb ...
Unpacking libz3-4:amd64 (4.8.12-3.1) ...
Selecting previously unselected package libllvm15:amd64.
Preparing to unpack .../30-libllvm15_1%3a15.0.6-4+b1_amd64.deb ...
Unpacking libllvm15:amd64 (1:15.0.6-4+b1) ...
Selecting previously unselected package libsensors-config.
Preparing to unpack .../31-libsensors-config_1%3a3.6.0-7.1_all.deb ...
Unpacking libsensors-config (1:3.6.0-7.1) ...
Selecting previously unselected package libsensors5:amd64.
Preparing to unpack .../32-libsensors5_1%3a3.6.0-7.1_amd64.deb ...
Unpacking libsensors5:amd64 (1:3.6.0-7.1) ...
Selecting previously unselected package libgl1-mesa-dri:amd64.
Preparing to unpack .../33-libgl1-mesa-dri_22.3.6-1+deb12u1_amd64.deb ...
Unpacking libgl1-mesa-dri:amd64 (22.3.6-1+deb12u1) ...
Selecting previously unselected package libglx-mesa0:amd64.
Preparing to unpack .../34-libglx-mesa0_22.3.6-1+deb12u1_amd64.deb ...
Unpacking libglx-mesa0:amd64 (22.3.6-1+deb12u1) ...
Selecting previously unselected package libglx0:amd64.
Preparing to unpack .../35-libglx0_1.6.0-1_amd64.deb ...
Unpacking libglx0:amd64 (1.6.0-1) ...
Selecting previously unselected package libgl1:amd64.
Preparing to unpack .../36-libgl1_1.6.0-1_amd64.deb ...
Unpacking libgl1:amd64 (1.6.0-1) ...
Selecting previously unselected package psmisc.
Preparing to unpack .../37-psmisc_23.6-1_amd64.deb ...
Unpacking psmisc (23.6-1) ...
Setting up libxcb-dri3-0:amd64 (1.15-1) ...
Setting up libx11-xcb1:amd64 (2:1.8.4-2+deb12u2) ...
Setting up libpciaccess0:amd64 (0.17-2) ...
Setting up libxcb-xfixes0:amd64 (1.15-1) ...
Setting up libarchive13:amd64 (3.6.2-1+deb12u3) ...
Setting up psmisc (23.6-1) ...
Setting up libglvnd0:amd64 (1.6.0-1) ...
Setting up libxcb-glx0:amd64 (1.15-1) ...
Setting up libsensors-config (1:3.6.0-7.1) ...
Setting up libxcb-shm0:amd64 (1.15-1) ...
Setting up libxxf86vm1:amd64 (1:1.1.4-1+b2) ...
Setting up libxcb-present0:amd64 (1.15-1) ...
Setting up libz3-4:amd64 (4.8.12-3.1) ...
Setting up libuv1:amd64 (1.44.2-1+deb12u1) ...
Setting up libxfixes3:amd64 (1:6.0.0-2) ...
Setting up libxcb-sync1:amd64 (1.15-1) ...
Setting up libproc2-0:amd64 (2:4.0.2-3) ...
Setting up libjsoncpp25:amd64 (1.9.5-4) ...
Setting up libsensors5:amd64 (1:3.6.0-7.1) ...
Setting up libglapi-mesa:amd64 (22.3.6-1+deb12u1) ...
Setting up libxcb-dri2-0:amd64 (1.15-1) ...
Setting up libxshmfence1:amd64 (1.3-1) ...
Setting up librhash0:amd64 (1.4.3-3) ...
Setting up libxcb-randr0:amd64 (1.15-1) ...
Setting up procps (2:4.0.2-3) ...
Setting up libllvm15:amd64 (1:15.0.6-4+b1) ...
Setting up cmake-data (3.25.1-1) ...
Setting up libdrm-common (2.4.114-1) ...
Setting up libdrm2:amd64 (2.4.114-1+b1) ...
Setting up cmake (3.25.1-1) ...
Setting up libdrm-amdgpu1:amd64 (2.4.114-1+b1) ...
Setting up libdrm-nouveau2:amd64 (2.4.114-1+b1) ...
Setting up libdrm-radeon1:amd64 (2.4.114-1+b1) ...
Setting up libdrm-intel1:amd64 (2.4.114-1+b1) ...
Setting up libgl1-mesa-dri:amd64 (22.3.6-1+deb12u1) ...
Setting up libglx-mesa0:amd64 (22.3.6-1+deb12u1) ...
Setting up libglx0:amd64 (1.6.0-1) ...
Setting up libgl1:amd64 (1.6.0-1) ...
Processing triggers for libc-bin (2.36-9+deb12u13) ...

â”€â”€â”€â”€â”€â”€â”€â”€â”€â”€â”€â”€â”€â”€â”€â”€â”€â”€â”€â”€â”€â”€â”€â”€â”€â”€â”€â”€â”€â”€â”€â”€â”€â”€â”€â”€â”€â”€â”€â”€ uv â”€â”€â”€â”€â”€â”€â”€â”€â”€â”€â”€â”€â”€â”€â”€â”€â”€â”€â”€â”€â”€â”€â”€â”€â”€â”€â”€â”€â”€â”€â”€â”€â”€â”€â”€â”€â”€â”€â”€â”€â”€â”€â”€

Using uv pip install.
Using Python 3.10.18 environment at /home/adminuser/venv
Resolved 80 packages in 4.97s
  Ã— Failed to download and build `dlib==19.24.2`
  â•°â”€â–¶ Build backend failed to build wheel through `build_wheel` (exit status:
      1)

      [stdout]
      running bdist_wheel
      running build
      running build_ext
      Building extension for Python 3.10.18 (main, Sep 30 2025, 00:45:56)
      [GCC 12.2.0]
      Invoking CMake setup: 'cmake
      /home/adminuser/.cache/uv/sdists-v6/pypi/dlib/19.24.2/D3ZKIu5Lp4huLWiiAhjeX/src/tools/python
      -DCMAKE_LIBRARY_OUTPUT_DIRECTORY=/home/adminuser/.cache/uv/sdists-v6/pypi/dlib/19.24.2/D3ZKIu5Lp4huLWiiAhjeX/src/build/lib.linux-x86_64-cpython-310
      -DPYTHON_EXECUTABLE=/home/adminuser/.cache/uv/builds-v0/.tmpU3s0i7/bin/python
      -DCMAKE_BUILD_TYPE=Release'
      -- The C compiler identification is GNU 12.2.0
      -- The CXX compiler identification is GNU 12.2.0
      -- Detecting C compiler ABI info
      -- Detecting C compiler ABI info - done
      -- Check for working C compiler: /usr/bin/cc - skipped
      -- Detecting C compile features
      -- Detecting C compile features - done
      -- Detecting CXX compiler ABI info
      -- Detecting CXX compiler ABI info - done
      -- Check for working CXX compiler: /usr/bin/c++ - skipped
      -- Detecting CXX compile features
      -- Detecting CXX compile features - done
      -- Configuring incomplete, errors occurred!

      [stderr]
      <string>:190: SetuptoolsDeprecationWarning: The test command is disabled
      and references to it are deprecated.
      !!

      
      ********************************************************************************
              Please remove any references to `setuptools.command.test` in all
      supported versions of the affected package.

              This deprecation is overdue, please update your project and
      remove deprecated
              calls to avoid build errors in the future.
      
      ********************************************************************************

      !!
      /home/adminuser/.cache/uv/builds-v0/.tmpU3s0i7/lib/python3.10/site-packages/setuptools/_distutils/dist.py:289:
      UserWarning: Unknown distribution option: 'tests_require'
        warnings.warn(msg)
      CMake Deprecation Warning at CMakeLists.txt:2 (CMAKE_MINIMUM_REQUIRED):
        Compatibility with CMake < 3.10 will be removed from a future version
      of
        CMake.

        Update the VERSION argument <min> value.  Or, use the <min>...<max>
      syntax
        to tell CMake that the project requires at least <min> but has been
      updated
        to work with policies introduced by <max> or earlier.

      
      CMake Error at
      /home/adminuser/.cache/uv/sdists-v6/pypi/dlib/19.24.2/D3ZKIu5Lp4huLWiiAhjeX/src/dlib/external/pybind11/CMakeLists.txt:8
      (cmake_minimum_required):
        Compatibility with CMake < 3.5 has been removed from CMake.

        Update the VERSION argument <min> value.  Or, use the <min>...<max>
      syntax
        to tell CMake that the project requires at least <min> but has been
      updated
        to work with policies introduced by <max> or earlier.

        Or, add -DCMAKE_POLICY_VERSION_MINIMUM=3.5 to try configuring anyway.

      
      Traceback (most recent call last):
        File "<string>", line 11, in <module>
        File
      "/home/adminuser/.cache/uv/builds-v0/.tmpU3s0i7/lib/python3.10/site-packages/setuptools/build_meta.py",
      line 432, in build_wheel
          return _build(['bdist_wheel'])
        File
      "/home/adminuser/.cache/uv/builds-v0/.tmpU3s0i7/lib/python3.10/site-packages/setuptools/build_meta.py",
      line 423, in _build
          return self._build_with_temp_dir(
        File
      "/home/adminuser/.cache/uv/builds-v0/.tmpU3s0i7/lib/python3.10/site-packages/setuptools/build_meta.py",
      line 404, in _build_with_temp_dir
          self.run_setup()
        File
      "/home/adminuser/.cache/uv/builds-v0/.tmpU3s0i7/lib/python3.10/site-packages/setuptools/build_meta.py",
      line 317, in run_setup
          exec(code, locals())
        File "<string>", line 218, in <module>
        File
      "/home/adminuser/.cache/uv/builds-v0/.tmpU3s0i7/lib/python3.10/site-packages/setuptools/__init__.py",
      line 115, in setup
          return distutils.core.setup(**attrs)
        File
      "/home/adminuser/.cache/uv/builds-v0/.tmpU3s0i7/lib/python3.10/site-packages/setuptools/_distutils/core.py",
      line 186, in setup
          return run_commands(dist)
        File
      "/home/adminuser/.cache/uv/builds-v0/.tmpU3s0i7/lib/python3.10/site-packages/setuptools/_distutils/core.py",
      line 202, in run_commands
          dist.run_commands()
        File
      "/home/adminuser/.cache/uv/builds-v0/.tmpU3s0i7/lib/python3.10/site-packages/setuptools/_distutils/dist.py",
      line 1002, in run_commands
          self.run_command(cmd)
        File
      "/home/adminuser/.cache/uv/builds-v0/.tmpU3s0i7/lib/python3.10/site-packages/setuptools/dist.py",
      line 1102, in run_command
          super().run_command(command)
        File
      "/home/adminuser/.cache/uv/builds-v0/.tmpU3s0i7/lib/python3.10/site-packages/setuptools/_distutils/dist.py",
      line 1021, in run_command
          cmd_obj.run()
        File
      "/home/adminuser/.cache/uv/builds-v0/.tmpU3s0i7/lib/python3.10/site-packages/setuptools/command/bdist_wheel.py",
      line 370, in run
          self.run_command("build")
        File
      "/home/adminuser/.cache/uv/builds-v0/.tmpU3s0i7/lib/python3.10/site-packages/setuptools/_distutils/cmd.py",
      line 357, in run_command
          self.distribution.run_command(command)
        File
      "/home/adminuser/.cache/uv/builds-v0/.tmpU3s0i7/lib/python3.10/site-packages/setuptools/dist.py",
      line 1102, in run_command
          super().run_command(command)
        File
      "/home/adminuser/.cache/uv/builds-v0/.tmpU3s0i7/lib/python3.10/site-packages/setuptools/_distutils/dist.py",
      line 1021, in run_command
          cmd_obj.run()
        File
      "/home/adminuser/.cache/uv/builds-v0/.tmpU3s0i7/lib/python3.10/site-packages/setuptools/_distutils/command/build.py",
      line 135, in run
          self.run_command(cmd_name)
        File
      "/home/adminuser/.cache/uv/builds-v0/.tmpU3s0i7/lib/python3.10/site-packages/setuptools/_distutils/cmd.py",
      line 357, in run_command
          self.distribution.run_command(command)
        File
      "/home/adminuser/.cache/uv/builds-v0/.tmpU3s0i7/lib/python3.10/site-packages/setuptools/dist.py",
      line 1102, in run_command
          super().run_command(command)
        File
      "/home/adminuser/.cache/uv/builds-v0/.tmpU3s0i7/lib/python3.10/site-packages/setuptools/_distutils/dist.py",
      line 1021, in run_command
          cmd_obj.run()
        File "<string>", line 130, in run
        File "<string>", line 167, in build_extension
        File "/usr/local/lib/python3.10/subprocess.py", line 369, in
      check_call
          raise CalledProcessError(retcode, cmd)
      subprocess.CalledProcessError: Command '['cmake',
      '/home/adminuser/.cache/uv/sdists-v6/pypi/dlib/19.24.2/D3ZKIu5Lp4huLWiiAhjeX/src/tools/python',
      '-DCMAKE_LIBRARY_OUTPUT_DIRECTORY=/home/adminuser/.cache/uv/sdists-v6/pypi/dlib/19.24.2/D3ZKIu5Lp4huLWiiAhjeX/src/build/lib.linux-x86_64-cpython-310',
      '-DPYTHON_EXECUTABLE=/home/adminuser/.cache/uv/builds-v0/.tmpU3s0i7/bin/python',
      '-DCMAKE_BUILD_TYPE=Release']' returned non-zero exit status 1.

Checking if Streamlit is installed
Installing rich for an improved exception logging
Using uv pip install.
Using Python 3.10.18 environment at /home/adminuser/venv
Resolved 4 packages in 133ms
Prepared 4 packages in 125ms
Installed 4 packages in 17ms
 + markdown-it-py==4.0.0
 +[2025-10-12 05:12:56.430462]  mdurl==0.1.2
 + pygments==2.19.2
 + rich==14.2.0

â”€â”€â”€â”€â”€â”€â”€â”€â”€â”€â”€â”€â”€â”€â”€â”€â”€â”€â”€â”€â”€â”€â”€â”€â”€â”€â”€â”€â”€â”€â”€â”€â”€â”€â”€â”€â”€â”€â”€â”€â”€â”€â”€â”€â”€â”€â”€â”€â”€â”€â”€â”€â”€â”€â”€â”€â”€â”€â”€â”€â”€â”€â”€â”€â”€â”€â”€â”€â”€â”€â”€â”€â”€â”€â”€â”€â”€â”€â”€â”€â”€â”€â”€â”€â”€â”€â”€â”€


â”€â”€â”€â”€â”€â”€â”€â”€â”€â”€â”€â”€â”€â”€â”€â”€â”€â”€â”€â”€â”€â”€â”€â”€â”€â”€â”€â”€â”€â”€â”€â”€â”€â”€â”€â”€â”€â”€â”€â”€ pip â”€â”€â”€â”€â”€â”€â”€â”€â”€â”€â”€â”€â”€â”€â”€â”€â”€â”€â”€â”€â”€â”€â”€â”€â”€â”€â”€â”€â”€â”€â”€â”€â”€â”€â”€â”€â”€â”€â”€â”€â”€â”€â”€

Using standard pip install.
Collecting streamlit>=1.28.0 (from -r /mount/src/smart-notif-deploy/requirements.txt (line 1))
  Downloading streamlit-1.50.0-py3-none-any.whl.metadata (9.5 kB)
Collecting opencv-python>=4.8.0 (from -r /mount/src/smart-notif-deploy/requirements.txt (line 2))
  Downloading opencv_python-4.12.0.88-cp37-abi3-manylinux2014_x86_64.manylinux_2_17_x86_64.whl.metadata (19 kB)
Collecting face-recognition==1.3.0 (from -r /mount/src/smart-notif-deploy/requirements.txt (line 3))
  Downloading face_recognition-1.3.0-py2.py3-none-any.whl.metadata (21 kB)
Collecting dlib==19.24.2 (from -r /mount/src/smart-notif-deploy/requirements.txt (line 4))
  Downloading dlib-19.24.2.tar.gz (11.8 MB)
     â”â”â”â”â”â”â”â”â”â”â”â”â”â”â”â”â”â”â”â”â”â”â”â”â”â”â”â”â”â”â”â”â”â”â”â”â”â”â” 11.8/11.8 MB 132.6 MB/s eta 0:00:00[2025-10-12 05:12:57.920823] 
  Installing build dependencies: started
  Installing build dependencies: finished with status 'done'
  Getting requirements to build wheel: started
  Getting requirements to build wheel: finished with status 'done'
  Preparing metadata (pyproject.toml): started
  Preparing metadata (pyproject.toml): finished with status 'done'
Collecting Cython>=0.29.0 (from -r /mount/src/smart-notif-deploy/requirements.txt (line 5))
  Downloading cython-3.1.4-cp310-cp310-manylinux2014_x86_64.manylinux_2_17_x86_64.manylinux_2_28_x86_64.whl.metadata (5.0 kB)
Collecting numpy>=1.21.0 (from -r /mount/src/smart-notif-deploy/requirements.txt (line 6))
  Downloading numpy-2.2.6-cp310-cp310-manylinux_2_17_x86_64.manylinux2014_x86_64.whl.metadata (62 kB)
     â”â”â”â”â”â”â”â”â”â”â”â”â”â”â”â”â”â”â”â”â”â”â”â”â”â”â”â”â”â”â”â”â”â”â”â”â”â”â” 62.0/62.0 kB 179.7 MB/s eta 0:00:00[2025-10-12 05:13:04.984921] 
Collecting pandas>=1.5.0 (from -r /mount/src/smart-notif-deploy/requirements.txt (line 7))
  Downloading pandas-2.3.3-cp310-cp310-manylinux_2_24_x86_64.manylinux_2_28_x86_64.whl.metadata (91 kB)
     â”â”â”â”â”â”â”â”â”â”â”â”â”â”â”â”â”â”â”â”â”â”â”â”â”â”â”â”â”â”â”â”â”â”â”â”â”â”â” 91.2/91.2 kB 216.1 MB/s eta 0:00:00[2025-10-12 05:13:05.165540] 
Collecting pillow>=9.0.0 (from -r /mount/src/smart-notif-deploy/requirements.txt (line 8))
  Downloading pillow-11.3.0-cp310-cp310-manylinux_2_27_x86_64.manylinux_2_28_x86_64.whl.metadata (9.0 kB)
Collecting requests>=2.28.0 (from -r /mount/src/smart-notif-deploy/requirements.txt (line 9))
  Downloading requests-2.32.5-py3-none-any.whl.metadata (4.9 kB)
Collecting transformers>=4.20.0 (from -r /mount/src/smart-notif-deploy/requirements.txt (line 10))
  Downloading transformers-4.57.0-py3-none-any.whl.metadata (41 kB)
     â”â”â”â”â”â”â”â”â”â”â”â”â”â”â”â”â”â”â”â”â”â”â”â”â”â”â”â”â”â”â”â”â”â”â”â”â”â”â” 41.4/41.4 kB 179.6 MB/s eta 0:00:00[2025-10-12 05:13:05.620305] 
Collecting torch>=1.12.0 (from -r /mount/src/smart-notif-deploy/requirements.txt (line 11))
  Downloading torch-2.8.0-cp310-cp310-manylinux_2_28_x86_64.whl.metadata (30 kB)
Collecting scikit-learn>=1.1.0 (from -r /mount/src/smart-notif-deploy/requirements.txt (line 12))
  Downloading scikit_learn-1.7.2-cp310-cp310-manylinux2014_x86_64.manylinux_2_17_x86_64.whl.metadata (11 kB)
Collecting scipy>=1.7.0 (from -r /mount/src/smart-notif-deploy/requirements.txt (line 13))
  Downloading scipy-1.15.3-cp310-cp310-manylinux_2_17_x86_64.manylinux2014_x86_64.whl.metadata (61 kB)
     â”â”â”â”â”â”â”â”â”â”â”â”â”â”â”â”â”â”â”â”â”â”â”â”â”â”â”â”â”â”â”â”â”â”â”â”â”â”â” 62.0/62.0 kB 125.9 MB/s eta 0:00:00[2025-10-12 05:13:06.020929] 
Collecting plotly>=5.10.0 (from -r /mount/src/smart-notif-deploy/requirements.txt (line 14))
  Downloading plotly-6.3.1-py3-none-any.whl.metadata (8.5 kB)
Collecting python-dotenv>=0.19.0 (from -r /mount/src/smart-notif-deploy/requirements.txt (line 15))
  Downloading python_dotenv-1.1.1-py3-none-any.whl.metadata (24 kB)
Collecting schedule>=1.1.0 (from -r /mount/src/smart-notif-deploy/requirements.txt (line 16))
  Downloading schedule-1.2.2-py3-none-any.whl.metadata (3.8 kB)
Collecting setuptools>=65.0.0 (from -r /mount/src/smart-notif-deploy/requirements.txt (line 17))
  Downloading setuptools-80.9.0-py3-none-any.whl.metadata (6.6 kB)
Collecting wheel>=0.37.0 (from -r /mount/src/smart-notif-deploy/requirements.txt (line 18))
  Downloading wheel-0.45.1-py3-none-any.whl.metadata (2.3 kB)
Collecting face-recognition-models>=0.3.0 (from face-recognition==1.3.0->-r /mount/src/smart-notif-deploy/requirements.txt (line 3))
  Downloading face_recognition_models-0.3.0.tar.gz (100.1 MB)
     â”â”â”â”â”â”â”â”â”â”â”â”â”â”â”â”â”â”â”â”â”â”â”â”â”â”â”â”â”â”â”â”â”â”â”â”â”â” 100.1/100.1 MB 44.9 MB/s eta 0:00:00[2025-10-12 05:13:07.644215] 
  Installing build dependencies: started
  Installing build dependencies: finished with status 'done'
  Getting requirements to build wheel: started
  Getting requirements to build wheel: finished with status 'done'
  Preparing metadata (pyproject.toml): started
  Preparing metadata (pyproject.toml): finished with status 'done'
Collecting Click>=6.0 (from face-recognition==1.3.0->-r /mount/src/smart-notif-deploy/requirements.txt (line 3))
  Downloading click-8.3.0-py3-none-any.whl.metadata (2.6 kB)
Collecting altair!=5.4.0,!=5.4.1,<6,>=4.0 (from streamlit>=1.28.0->-r /mount/src/smart-notif-deploy/requirements.txt (line 1))
  Downloading altair-5.5.0-py3-none-any.whl.metadata (11 kB)
Collecting blinker<2,>=1.5.0 (from streamlit>=1.28.0->-r /mount/src/smart-notif-deploy/requirements.txt (line 1))
  Downloading blinker-1.9.0-py3-none-any.whl.metadata (1.6 kB)
Collecting cachetools<7,>=4.0 (from streamlit>=1.28.0->-r /mount/src/smart-notif-deploy/requirements.txt (line 1))
  Downloading cachetools-6.2.0-py3-none-any.whl.metadata (5.4 kB)
Collecting packaging<26,>=20 (from streamlit>=1.28.0->-r /mount/src/smart-notif-deploy/requirements.txt (line 1))
  Downloading packaging-25.0-py3-none-any.whl.metadata (3.3 kB)
Collecting protobuf<7,>=3.20 (from streamlit>=1.28.0->-r /mount/src/smart-notif-deploy/requirements.txt (line 1))
  Downloading protobuf-6.32.1-cp39-abi3-manylinux2014_x86_64.whl.metadata (593 bytes)
Collecting pyarrow>=7.0 (from streamlit>=1.28.0->-r /mount/src/smart-notif-deploy/requirements.txt (line 1))
  Downloading pyarrow-21.0.0-cp310-cp310-manylinux_2_28_x86_64.whl.metadata (3.3 kB)
Collecting tenacity<10,>=8.1.0 (from streamlit>=1.28.0->-r /mount/src/smart-notif-deploy/requirements.txt (line 1))
  Downloading tenacity-9.1.2-py3-none-any.whl.metadata (1.2 kB)
Collecting toml<2,>=0.10.1 (from streamlit>=1.28.0->-r /mount/src/smart-notif-deploy/requirements.txt (line 1))
  Downloading toml-0.10.2-py2.py3-none-any.whl.metadata (7.1 kB)
Collecting typing-extensions<5,>=4.4.0 (from streamlit>=1.28.0->-r /mount/src/smart-notif-deploy/requirements.txt (line 1))
  Downloading typing_extensions-4.15.0-py3-none-any.whl.metadata (3.3 kB)
Collecting watchdog<7,>=2.1.5 (from streamlit>=1.28.0->-r /mount/src/smart-notif-deploy/requirements.txt (line 1))
  Downloading watchdog-6.0.0-py3-none-manylinux2014_x86_64.whl.metadata (44 kB)
     â”â”â”â”â”â”â”â”â”â”â”â”â”â”â”â”â”â”â”â”â”â”â”â”â”â”â”â”â”â”â”â”â”â”â”â”â”â”â” 44.3/44.3 kB 100.6 MB/s eta 0:00:00[2025-10-12 05:13:12.949214] 
Collecting gitpython!=3.1.19,<4,>=3.0.7 (from streamlit>=1.28.0->-r /mount/src/smart-notif-deploy/requirements.txt (line 1))
  Downloading gitpython-3.1.45-py3-none-any.whl.metadata (13 kB)
Collecting pydeck<1,>=0.8.0b4 (from streamlit>=1.28.0->-r /mount/src/smart-notif-deploy/requirements.txt (line 1))
  Downloading pydeck-0.9.1-py2.py3-none-any.whl.metadata (4.1 kB)
Collecting tornado!=6.5.0,<7,>=6.0.3 (from streamlit>=1.28.0->-r /mount/src/smart-notif-deploy/requirements.txt (line 1))
  Downloading tornado-6.5.2-cp39-abi3-manylinux_2_5_x86_64.manylinux1_x86_64.manylinux_2_17_x86_64.manylinux2014_x86_64.whl.metadata (2.8 kB)
Collecting python-dateutil>=2.8.2 (from pandas>=1.5.0->-r /mount/src/smart-notif-deploy/requirements.txt (line 7))
  Downloading python_dateutil-2.9.0.post0-py2.py3-none-any.whl.metadata (8.4 kB)
Collecting pytz>=2020.1 (from pandas>=1.5.0->-r /mount/src/smart-notif-deploy/requirements.txt (line 7))
  Downloading pytz-2025.2-py2.py3-none-any.whl.metadata (22 kB)
Collecting tzdata>=2022.7 (from pandas>=1.5.0->-r /mount/src/smart-notif-deploy/requirements.txt (line 7))
  Downloading tzdata-2025.2-py2.py3-none-any.whl.metadata (1.4 kB)
Collecting charset_normalizer<4,>=2 (from requests>=2.28.0->-r /mount/src/smart-notif-deploy/requirements.txt (line 9))
  Downloading charset_normalizer-3.4.3-cp310-cp310-manylinux2014_x86_64.manylinux_2_17_x86_64.manylinux_2_28_x86_64.whl.metadata (36 kB)
Collecting idna<4,>=2.5 (from requests>=2.28.0->-r /mount/src/smart-notif-deploy/requirements.txt (line 9))
  Downloading idna-3.10-py3-none-any.whl.metadata (10 kB)
Collecting urllib3<3,>=1.21.1 (from requests>=2.28.0->-r /mount/src/smart-notif-deploy/requirements.txt (line 9))
  Downloading urllib3-2.5.0-py3-none-any.whl.metadata (6.5 kB)
Collecting certifi>=2017.4.17 (from requests>=2.28.0->-r /mount/src/smart-notif-deploy/requirements.txt (line 9))
  Downloading certifi-2025.10.5-py3-none-any.whl.metadata (2.5 kB)
Collecting filelock (from transformers>=4.20.0->-r /mount/src/smart-notif-deploy/requirements.txt (line 10))
  Downloading filelock-3.20.0-py3-none-any.whl.metadata (2.1 kB)
Collecting huggingface-hub<1.0,>=0.34.0 (from transformers>=4.20.0->-r /mount/src/smart-notif-deploy/requirements.txt (line 10))
  Downloading huggingface_hub-0.35.3-py3-none-any.whl.metadata (14 kB)
Collecting pyyaml>=5.1 (from transformers>=4.20.0->-r /mount/src/smart-notif-deploy/requirements.txt (line 10))
  Downloading pyyaml-6.0.3-cp310-cp310-manylinux2014_x86_64.manylinux_2_17_x86_64.manylinux_2_28_x86_64.whl.metadata (2.4 kB)
Collecting regex!=2019.12.17 (from transformers>=4.20.0->-r /mount/src/smart-notif-deploy/requirements.txt (line 10))
  Downloading regex-2025.9.18-cp310-cp310-manylinux2014_x86_64.manylinux_2_17_x86_64.manylinux_2_28_x86_64.whl.metadata (40 kB)
     â”â”â”â”â”â”â”â”â”â”â”â”â”â”â”â”â”â”â”â”â”â”â”â”â”â”â”â”â”â”â”â”â”â”â”â”â”â”â” 40.5/40.5 kB 176.6 MB/s eta 0:00:00[2025-10-12 05:13:15.060536] 
Collecting tokenizers<=0.23.0,>=0.22.0 (from transformers>=4.20.0->-r /mount/src/smart-notif-deploy/requirements.txt (line 10))
  Downloading tokenizers-0.22.1-cp39-abi3-manylinux_2_17_x86_64.manylinux2014_x86_64.whl.metadata (6.8 kB)
Collecting safetensors>=0.4.3 (from transformers>=4.20.0->-r /mount/src/smart-notif-deploy/requirements.txt (line 10))
  Downloading safetensors-0.6.2-cp38-abi3-manylinux_2_17_x86_64.manylinux2014_x86_64.whl.metadata (4.1 kB)
Collecting tqdm>=4.27 (from transformers>=4.20.0->-r /mount/src/smart-notif-deploy/requirements.txt (line 10))
  Downloading tqdm-4.67.1-py3-none-any.whl.metadata (57 kB)
     â”â”â”â”â”â”â”â”â”â”â”â”â”â”â”â”â”â”â”â”â”â”â”â”â”â”â”â”â”â”â”â”â”â”â”â”â”â”â” 57.7/57.7 kB 151.0 MB/s eta 0:00:00[2025-10-12 05:13:15.647068] 
Collecting sympy>=1.13.3 (from torch>=1.12.0->-r /mount/src/smart-notif-deploy/requirements.txt (line 11))
  Downloading sympy-1.14.0-py3-none-any.whl.metadata (12 kB)
Collecting networkx (from torch>=1.12.0->-r /mount/src/smart-notif-deploy/requirements.txt (line 11))
  Downloading networkx-3.4.2-py3-none-any.whl.metadata (6.3 kB)
Collecting jinja2 (from torch>=1.12.0->-r /mount/src/smart-notif-deploy/requirements.txt (line 11))
  Downloading jinja2-3.1.6-py3-none-any.whl.metadata (2.9 kB)
Collecting fsspec (from torch>=1.12.0->-r /mount/src/smart-notif-deploy/requirements.txt (line 11))
  Downloading fsspec-2025.9.0-py3-none-any.whl.metadata (10 kB)
Collecting nvidia-cuda-nvrtc-cu12==12.8.93 (from torch>=1.12.0->-r /mount/src/smart-notif-deploy/requirements.txt (line 11))
  Downloading nvidia_cuda_nvrtc_cu12-12.8.93-py3-none-manylinux2010_x86_64.manylinux_2_12_x86_64.whl.metadata (1.7 kB)
Collecting nvidia-cuda-runtime-cu12==12.8.90 (from torch>=1.12.0->-r /mount/src/smart-notif-deploy/requirements.txt (line 11))
  Downloading nvidia_cuda_runtime_cu12-12.8.90-py3-none-manylinux2014_x86_64.manylinux_2_17_x86_64.whl.metadata (1.7 kB)
Collecting nvidia-cuda-cupti-cu12==12.8.90 (from torch>=1.12.0->-r /mount/src/smart-notif-deploy/requirements.txt (line 11))
  Downloading nvidia_cuda_cupti_cu12-12.8.90-py3-none-manylinux2014_x86_64.manylinux_2_17_x86_64.whl.metadata (1.7 kB)
Collecting nvidia-cudnn-cu12==9.10.2.21 (from torch>=1.12.0->-r /mount/src/smart-notif-deploy/requirements.txt (line 11))
  Downloading nvidia_cudnn_cu12-9.10.2.21-py3-none-manylinux_2_27_x86_64.whl.metadata (1.8 kB)
Collecting nvidia-cublas-cu12==12.8.4.1 (from torch>=1.12.0->-r /mount/src/smart-notif-deploy/requirements.txt (line 11))
  Downloading nvidia_cublas_cu12-12.8.4.1-py3-none-manylinux_2_27_x86_64.whl.metadata (1.7 kB)
Collecting nvidia-cufft-cu12==11.3.3.83 (from torch>=1.12.0->-r /mount/src/smart-notif-deploy/requirements.txt (line 11))
  Downloading nvidia_cufft_cu12-11.3.3.83-py3-none-manylinux2014_x86_64.manylinux_2_17_x86_64.whl.metadata (1.7 kB)
Collecting nvidia-curand-cu12==10.3.9.90 (from torch>=1.12.0->-r /mount/src/smart-notif-deploy/requirements.txt (line 11))
  Downloading nvidia_curand_cu12-10.3.9.90-py3-none-manylinux_2_27_x86_64.whl.metadata (1.7 kB)
Collecting nvidia-cusolver-cu12==11.7.3.90 (from torch>=1.12.0->-r /mount/src/smart-notif-deploy/requirements.txt (line 11))
  Downloading nvidia_cusolver_cu12-11.7.3.90-py3-none-manylinux_2_27_x86_64.whl.metadata (1.8 kB)
Collecting nvidia-cusparse-cu12==12.5.8.93 (from torch>=1.12.0->-r /mount/src/smart-notif-deploy/requirements.txt (line 11))
  Downloading nvidia_cusparse_cu12-12.5.8.93-py3-none-manylinux2014_x86_64.manylinux_2_17_x86_64.whl.metadata (1.8 kB)
Collecting nvidia-cusparselt-cu12==0.7.1 (from torch>=1.12.0->-r /mount/src/smart-notif-deploy/requirements.txt (line 11))
  Downloading nvidia_cusparselt_cu12-0.7.1-py3-none-manylinux2014_x86_64.whl.metadata (7.0 kB)
Collecting nvidia-nccl-cu12==2.27.3 (from torch>=1.12.0->-r /mount/src/smart-notif-deploy/requirements.txt (line 11))
  Downloading nvidia_nccl_cu12-2.27.3-py3-none-manylinux2014_x86_64.manylinux_2_17_x86_64.whl.metadata (2.0 kB)
Collecting nvidia-nvtx-cu12==12.8.90 (from torch>=1.12.0->-r /mount/src/smart-notif-deploy/requirements.txt (line 11))
  Downloading nvidia_nvtx_cu12-12.8.90-py3-none-manylinux2014_x86_64.manylinux_2_17_x86_64.whl.metadata (1.8 kB)
Collecting nvidia-nvjitlink-cu12==12.8.93 (from torch>=1.12.0->-r /mount/src/smart-notif-deploy/requirements.txt (line 11))
  Downloading nvidia_nvjitlink_cu12-12.8.93-py3-none-manylinux2010_x86_64.manylinux_2_12_x86_64.whl.metadata (1.7 kB)
Collecting nvidia-cufile-cu12==1.13.1.3 (from torch>=1.12.0->-r /mount/src/smart-notif-deploy/requirements.txt (line 11))
  Downloading nvidia_cufile_cu12-1.13.1.3-py3-none-manylinux2014_x86_64.manylinux_2_17_x86_64.whl.metadata (1.7 kB)
Collecting triton==3.4.0 (from torch>=1.12.0->-r /mount/src/smart-notif-deploy/requirements.txt (line 11))
  Downloading triton-3.4.0-cp310-cp310-manylinux_2_27_x86_64.manylinux_2_28_x86_64.whl.metadata (1.7 kB)
Collecting joblib>=1.2.0 (from scikit-learn>=1.1.0->-r /mount/src/smart-notif-deploy/requirements.txt (line 12))
  Downloading joblib-1.5.2-py3-none-any.whl.metadata (5.6 kB)
Collecting threadpoolctl>=3.1.0 (from scikit-learn>=1.1.0->-r /mount/src/smart-notif-deploy/requirements.txt (line 12))
  Downloading threadpoolctl-3.6.0-py3-none-any.whl.metadata (13 kB)
Collecting narwhals>=1.15.1 (from plotly>=5.10.0->-r /mount/src/smart-notif-deploy/requirements.txt (line 14))
  Downloading narwhals-2.7.0-py3-none-any.whl.metadata (11 kB)
Collecting jsonschema>=3.0 (from altair!=5.4.0,!=5.4.1,<6,>=4.0->streamlit>=1.28.0->-r /mount/src/smart-notif-deploy/requirements.txt (line 1))
  Downloading jsonschema-4.25.1-py3-none-any.whl.metadata (7.6 kB)
Collecting gitdb<5,>=4.0.1 (from gitpython!=3.1.19,<4,>=3.0.7->streamlit>=1.28.0->-r /mount/src/smart-notif-deploy/requirements.txt (line 1))
  Downloading gitdb-4.0.12-py3-none-any.whl.metadata (1.2 kB)
Collecting hf-xet<2.0.0,>=1.1.3 (from huggingface-hub<1.0,>=0.34.0->transformers>=4.20.0->-r /mount/src/smart-notif-deploy/requirements.txt (line 10))
  Downloading hf_xet-1.1.10-cp37-abi3-manylinux_2_17_x86_64.manylinux2014_x86_64.whl.metadata (4.7 kB)
Collecting MarkupSafe>=2.0 (from jinja2->torch>=1.12.0->-r /mount/src/smart-notif-deploy/requirements.txt (line 11))
  Downloading markupsafe-3.0.3-cp310-cp310-manylinux2014_x86_64.manylinux_2_17_x86_64.manylinux_2_28_x86_64.whl.metadata (2.7 kB)
Collecting six>=1.5 (from python-dateutil>=2.8.2->pandas>=1.5.0->-r /mount/src/smart-notif-deploy/requirements.txt (line 7))
  Downloading six-1.17.0-py2.py3-none-any.whl.metadata (1.7 kB)
Collecting mpmath<1.4,>=1.1.0 (from sympy>=1.13.3->torch>=1.12.0->-r /mount/src/smart-notif-deploy/requirements.txt (line 11))
  Downloading mpmath-1.3.0-py3-none-any.whl.metadata (8.6 kB)
Collecting smmap<6,>=3.0.1 (from gitdb<5,>=4.0.1->gitpython!=3.1.19,<4,>=3.0.7->streamlit>=1.28.0->-r /mount/src/smart-notif-deploy/requirements.txt (line 1))
  Downloading smmap-5.0.2-py3-none-any.whl.metadata (4.3 kB)
Collecting attrs>=22.2.0 (from jsonschema>=3.0->altair!=5.4.0,!=5.4.1,<6,>=4.0->streamlit>=1.28.0->-r /mount/src/smart-notif-deploy/requirements.txt (line 1))
  Downloading attrs-25.4.0-py3-none-any.whl.metadata (10 kB)
Collecting jsonschema-specifications>=2023.03.6 (from jsonschema>=3.0->altair!=5.4.0,!=5.4.1,<6,>=4.0->streamlit>=1.28.0->-r /mount/src/smart-notif-deploy/requirements.txt (line 1))
  Downloading jsonschema_specifications-2025.9.1-py3-none-any.whl.metadata (2.9 kB)
Collecting referencing>=0.28.4 (from jsonschema>=3.0->altair!=5.4.0,!=5.4.1,<6,>=4.0->streamlit>=1.28.0->-r /mount/src/smart-notif-deploy/requirements.txt (line 1))
  Downloading referencing-0.36.2-py3-none-any.whl.metadata (2.8 kB)
Collecting rpds-py>=0.7.1 (from jsonschema>=3.0->altair!=5.4.0,!=5.4.1,<6,>=4.0->streamlit>=1.28.0->-r /mount/src/smart-notif-deploy/requirements.txt (line 1))
  Downloading rpds_py-0.27.1-cp310-cp310-manylinux_2_17_x86_64.manylinux2014_x86_64.whl.metadata (4.2 kB)
Downloading face_recognition-1.3.0-py2.py3-none-any.whl (15 kB)
Downloading streamlit-1.50.0-py3-none-any.whl (10.1 MB)
   â”â”â”â”â”â”â”â”â”â”â”â”â”â”â”â”â”â”â”â”â”â”â”â”â”â”â”â”â”â”â”â”â”â”â”â”â”â”â”â” 10.1/10.1 MB 42.9 MB/s eta 0:00:00[2025-10-12 05:13:19.289807] 
Downloading opencv_python-4.12.0.88-cp37-abi3-manylinux2014_x86_64.manylinux_2_17_x86_64.whl (67.0 MB)
   â”â”â”â”â”â”â”â”â”â”â”â”â”â”â”â”â”â”â”â”â”â”â”â”â”â”â”â”â”â”â”â”â”â”â”â”â”â”â”â” 67.0/67.0 MB 60.4 MB/s eta 0:00:00[2025-10-12 05:13:20.552288] 
Downloading cython-3.1.4-cp310-cp310-manylinux2014_x86_64.manylinux_2_17_x86_64.manylinux_2_28_x86_64.whl (3.4 MB)
   â”â”â”â”â”â”â”â”â”â”â”â”â”â”â”â”â”â”â”â”â”â”â”â”â”â”â”â”â”â”â”â”â”â”â”â”â”â”â”â” 3.4/3.4 MB 62.8 MB/s eta 0:00:00[2025-10-12 05:13:20.619477] 
Downloading numpy-2.2.6-cp310-cp310-manylinux_2_17_x86_64.manylinux2014_x86_64.whl (16.8 MB)
   â”â”â”â”â”â”â”â”â”â”â”â”â”â”â”â”â”â”â”â”â”â”â”â”â”â”â”â”â”â”â”â”â”â”â”â”â”â”â”â” 16.8/16.8 MB 61.8 MB/s eta 0:00:00[2025-10-12 05:13:20.905357] 
Downloading pandas-2.3.3-cp310-cp310-manylinux_2_24_x86_64.manylinux_2_28_x86_64.whl (12.8 MB)
   â”â”â”â”â”â”â”â”â”â”â”â”â”â”â”â”â”â”â”â”â”â”â”â”â”â”â”â”â”â”â”â”â”â”â”â”â”â”â”â” 12.8/12.8 MB 65.3 MB/s eta 0:00:00[2025-10-12 05:13:21.112378] 
Downloading pillow-11.3.0-cp310-cp310-manylinux_2_27_x86_64.manylinux_2_28_x86_64.whl (6.6 MB)
   â”â”â”â”â”â”â”â”â”â”â”â”â”â”â”â”â”â”â”â”â”â”â”â”â”â”â”â”â”â”â”â”â”â”â”â”â”â”â”â” 6.6/6.6 MB 66.8 MB/s eta 0:00:00[2025-10-12 05:13:21.230428] 
Downloading requests-2.32.5-py3-none-any.whl (64 kB)
   â”â”â”â”â”â”â”â”â”â”â”â”â”â”â”â”â”â”â”â”â”â”â”â”â”â”â”â”â”â”â”â”â”â”â”â”â”â”â”â” 64.7/64.7 kB 171.7 MB/s eta 0:00:00[2025-10-12 05:13:21.244197] 
Downloading transformers-4.57.0-py3-none-any.whl (12.0 MB)
   â”â”â”â”â”â”â”â”â”â”â”â”â”â”â”â”â”â”â”â”â”â”â”â”â”â”â”â”â”â”â”â”â”â”â”â”â”â”â”â” 12.0/12.0 MB 69.1 MB/s eta 0:00:00[2025-10-12 05:13:21.430343] 
Downloading torch-2.8.0-cp310-cp310-manylinux_2_28_x86_64.whl (888.0 MB)
   â”â”â”â”â”â”â”â”â”â”â”â”â”â”â”â”â”â”â”â”â”â”â”â”â”â”â”â”â”â”â”â”â”â”â”â”â”â”â” 888.0/888.0 MB 166.9 MB/s eta 0:00:00[2025-10-12 05:13:29.514437] 
Downloading nvidia_cublas_cu12-12.8.4.1-py3-none-manylinux_2_27_x86_64.whl (594.3 MB)
   â”â”â”â”â”â”â”â”â”â”â”â”â”â”â”â”â”â”â”â”â”â”â”â”â”â”â”â”â”â”â”â”â”â”â”â”â”â”â” 594.3/594.3 MB 197.0 MB/s eta 0:00:00[2025-10-12 05:13:33.707220] 
Downloading nvidia_cuda_cupti_cu12-12.8.90-py3-none-manylinux2014_x86_64.manylinux_2_17_x86_64.whl (10.2 MB)
   â”â”â”â”â”â”â”â”â”â”â”â”â”â”â”â”â”â”â”â”â”â”â”â”â”â”â”â”â”â”â”â”â”â”â”â”â”â”â”â” 10.2/10.2 MB 155.5 MB/s eta 0:00:00[2025-10-12 05:13:33.785718] 
Downloading nvidia_cuda_nvrtc_cu12-12.8.93-py3-none-manylinux2010_x86_64.manylinux_2_12_x86_64.whl (88.0 MB)
   â”â”â”â”â”â”â”â”â”â”â”â”â”â”â”â”â”â”â”â”â”â”â”â”â”â”â”â”â”â”â”â”â”â”â”â”â”â”â”â” 88.0/88.0 MB 160.3 MB/s eta 0:00:00[2025-10-12 05:13:34.351938] 
Downloading nvidia_cuda_runtime_cu12-12.8.90-py3-none-manylinux2014_x86_64.manylinux_2_17_x86_64.whl (954 kB)
   â”â”â”â”â”â”â”â”â”â”â”â”â”â”â”â”â”â”â”â”â”â”â”â”â”â”â”â”â”â”â”â”â”â”â”â”â”â”â” 954.8/954.8 kB 201.1 MB/s eta 0:00:00[2025-10-12 05:13:34.374499] 
Downloading nvidia_cudnn_cu12-9.10.2.21-py3-none-manylinux_2_27_x86_64.whl (706.8 MB)
   â”â”â”â”â”â”â”â”â”â”â”â”â”â”â”â”â”â”â”â”â”â”â”â”â”â”â”â”â”â”â”â”â”â”â”â”â”â”â” 706.8/706.8 MB 117.9 MB/s eta 0:00:00[2025-10-12 05:13:40.089570] 
Downloading nvidia_cufft_cu12-11.3.3.83-py3-none-manylinux2014_x86_64.manylinux_2_17_x86_64.whl (193.1 MB)
   â”â”â”â”â”â”â”â”â”â”â”â”â”â”â”â”â”â”â”â”â”â”â”â”â”â”â”â”â”â”â”â”â”â”â”â”â”â”â” 193.1/193.1 MB 139.1 MB/s eta 0:00:00[2025-10-12 05:13:41.560690] 
Downloading nvidia_cufile_cu12-1.13.1.3-py3-none-manylinux2014_x86_64.manylinux_2_17_x86_64.whl (1.2 MB)
   â”â”â”â”â”â”â”â”â”â”â”â”â”â”â”â”â”â”â”â”â”â”â”â”â”â”â”â”â”â”â”â”â”â”â”â”â”â”â”â” 1.2/1.2 MB 135.0 MB/s eta 0:00:00[2025-10-12 05:13:41.583432] 
Downloading nvidia_curand_cu12-10.3.9.90-py3-none-manylinux_2_27_x86_64.whl (63.6 MB)
   â”â”â”â”â”â”â”â”â”â”â”â”â”â”â”â”â”â”â”â”â”â”â”â”â”â”â”â”â”â”â”â”â”â”â”â”â”â”â”â” 63.6/63.6 MB 157.2 MB/s eta 0:00:00[2025-10-12 05:13:42.071520] 
Downloading nvidia_cusolver_cu12-11.7.3.90-py3-none-manylinux_2_27_x86_64.whl (267.5 MB)
   â”â”â”â”â”â”â”â”â”â”â”â”â”â”â”â”â”â”â”â”â”â”â”â”â”â”â”â”â”â”â”â”â”â”â”â”â”â”â” 267.5/267.5 MB 163.8 MB/s eta 0:00:00[2025-10-12 05:13:44.017619] 
Downloading nvidia_cusparse_cu12-12.5.8.93-py3-none-manylinux2014_x86_64.manylinux_2_17_x86_64.whl (288.2 MB)
   â”â”â”â”â”â”â”â”â”â”â”â”â”â”â”â”â”â”â”â”â”â”â”â”â”â”â”â”â”â”â”â”â”â”â”â”â”â”â” 288.2/288.2 MB 130.2 MB/s eta 0:00:00[2025-10-12 05:13:46.148189] 
Downloading nvidia_cusparselt_cu12-0.7.1-py3-none-manylinux2014_x86_64.whl (287.2 MB)
   â”â”â”â”â”â”â”â”â”â”â”â”â”â”â”â”â”â”â”â”â”â”â”â”â”â”â”â”â”â”â”â”â”â”â”â”â”â”â” 287.2/287.2 MB 185.4 MB/s eta 0:00:00[2025-10-12 05:13:48.107514] 
Downloading nvidia_nccl_cu12-2.27.3-py3-none-manylinux2014_x86_64.manylinux_2_17_x86_64.whl (322.4 MB)
   â”â”â”â”â”â”â”â”â”â”â”â”â”â”â”â”â”â”â”â”â”â”â”â”â”â”â”â”â”â”â”â”â”â”â”â”â”â”â” 322.4/322.4 MB 198.8 MB/s eta 0:00:00[2025-10-12 05:13:50.144722] 
Downloading nvidia_nvjitlink_cu12-12.8.93-py3-none-manylinux2010_x86_64.manylinux_2_12_x86_64.whl (39.3 MB)
   â”â”â”â”â”â”â”â”â”â”â”â”â”â”â”â”â”â”â”â”â”â”â”â”â”â”â”â”â”â”â”â”â”â”â”â”â”â”â”â” 39.3/39.3 MB 132.8 MB/s eta 0:00:00[2025-10-12 05:13:50.478098] 
Downloading nvidia_nvtx_cu12-12.8.90-py3-none-manylinux2014_x86_64.manylinux_2_17_x86_64.whl (89 kB)
   â”â”â”â”â”â”â”â”â”â”â”â”â”â”â”â”â”â”â”â”â”â”â”â”â”â”â”â”â”â”â”â”â”â”â”â”â”â”â”â” 90.0/90.0 kB 227.1 MB/s eta 0:00:00[2025-10-12 05:13:50.491318] 
Downloading triton-3.4.0-cp310-cp310-manylinux_2_27_x86_64.manylinux_2_28_x86_64.whl (155.4 MB)
   â”â”â”â”â”â”â”â”â”â”â”â”â”â”â”â”â”â”â”â”â”â”â”â”â”â”â”â”â”â”â”â”â”â”â”â”â”â”â” 155.4/155.4 MB 158.4 MB/s eta 0:00:00[2025-10-12 05:13:51.524331] 
Downloading scikit_learn-1.7.2-cp310-cp310-manylinux2014_x86_64.manylinux_2_17_x86_64.whl (9.7 MB)
   â”â”â”â”â”â”â”â”â”â”â”â”â”â”â”â”â”â”â”â”â”â”â”â”â”â”â”â”â”â”â”â”â”â”â”â”â”â”â”â” 9.7/9.7 MB 132.0 MB/s eta 0:00:00[2025-10-12 05:13:51.613804] 
Downloading scipy-1.15.3-cp310-cp310-manylinux_2_17_x86_64.manylinux2014_x86_64.whl (37.7 MB)
   â”â”â”â”â”â”â”â”â”â”â”â”â”â”â”â”â”â”â”â”â”â”â”â”â”â”â”â”â”â”â”â”â”â”â”â”â”â”â”â” 37.7/37.7 MB 159.3 MB/s eta 0:00:00[2025-10-12 05:13:51.860390] 
Downloading plotly-6.3.1-py3-none-any.whl (9.8 MB)
   â”â”â”â”â”â”â”â”â”â”â”â”â”â”â”â”â”â”â”â”â”â”â”â”â”â”â”â”â”â”â”â”â”â”â”â”â”â”â”â” 9.8/9.8 MB 163.8 MB/s eta 0:00:00[2025-10-12 05:13:51.934834] 
Downloading python_dotenv-1.1.1-py3-none-any.whl (20 kB)
Downloading schedule-1.2.2-py3-none-any.whl (12 kB)
Downloading setuptools-80.9.0-py3-none-any.whl (1.2 MB)
   â”â”â”â”â”â”â”â”â”â”â”â”â”â”â”â”â”â”â”â”â”â”â”â”â”â”â”â”â”â”â”â”â”â”â”â”â”â”â”â” 1.2/1.2 MB 194.0 MB/s eta 0:00:00[2025-10-12 05:13:51.980571] 
Downloading wheel-0.45.1-py3-none-any.whl (72 kB)
   â”â”â”â”â”â”â”â”â”â”â”â”â”â”â”â”â”â”â”â”â”â”â”â”â”â”â”â”â”â”â”â”â”â”â”â”â”â”â”â” 72.5/72.5 kB 161.8 MB/s eta 0:00:00[2025-10-12 05:13:51.992949] 
Downloading altair-5.5.0-py3-none-any.whl (731 kB)
   â”â”â”â”â”â”â”â”â”â”â”â”â”â”â”â”â”â”â”â”â”â”â”â”â”â”â”â”â”â”â”â”â”â”â”â”â”â”â” 731.2/731.2 kB 192.7 MB/s eta 0:00:00[2025-10-12 05:13:52.009421] 
Downloading blinker-1.9.0-py3-none-any.whl (8.5 kB)
Downloading cachetools-6.2.0-py3-none-any.whl (11 kB)
Downloading certifi-2025.10.5-py3-none-any.whl (163 kB)
   â”â”â”â”â”â”â”â”â”â”â”â”â”â”â”â”â”â”â”â”â”â”â”â”â”â”â”â”â”â”â”â”â”â”â”â”â”â”â” 163.3/163.3 kB 151.6 MB/s eta 0:00:00[2025-10-12 05:13:52.046239] 
Downloading charset_normalizer-3.4.3-cp310-cp310-manylinux2014_x86_64.manylinux_2_17_x86_64.manylinux_2_28_x86_64.whl (152 kB)
   â”â”â”â”â”â”â”â”â”â”â”â”â”â”â”â”â”â”â”â”â”â”â”â”â”â”â”â”â”â”â”â”â”â”â”â”â”â”â” 152.4/152.4 kB 174.0 MB/s eta 0:00:00[2025-10-12 05:13:52.061079] 
Downloading click-8.3.0-py3-none-any.whl (107 kB)
   â”â”â”â”â”â”â”â”â”â”â”â”â”â”â”â”â”â”â”â”â”â”â”â”â”â”â”â”â”â”â”â”â”â”â”â”â”â”â” 107.3/107.3 kB 185.9 MB/s eta 0:00:00[2025-10-12 05:13:52.075428] 
Downloading gitpython-3.1.45-py3-none-any.whl (208 kB)
   â”â”â”â”â”â”â”â”â”â”â”â”â”â”â”â”â”â”â”â”â”â”â”â”â”â”â”â”â”â”â”â”â”â”â”â”â”â”â” 208.2/208.2 kB 201.6 MB/s eta 0:00:00[2025-10-12 05:13:52.090715] 
Downloading huggingface_hub-0.35.3-py3-none-any.whl (564 kB)
   â”â”â”â”â”â”â”â”â”â”â”â”â”â”â”â”â”â”â”â”â”â”â”â”â”â”â”â”â”â”â”â”â”â”â”â”â”â”â”â” 564.3/564.3 kB 73.2 MB/s eta 0:00:00[2025-10-12 05:13:52.111800] 
Downloading fsspec-2025.9.0-py3-none-any.whl (199 kB)
   â”â”â”â”â”â”â”â”â”â”â”â”â”â”â”â”â”â”â”â”â”â”â”â”â”â”â”â”â”â”â”â”â”â”â”â”â”â”â” 199.3/199.3 kB 205.4 MB/s eta 0:00:00[2025-10-12 05:13:52.128216] 
Downloading idna-3.10-py3-none-any.whl (70 kB)
   â”â”â”â”â”â”â”â”â”â”â”â”â”â”â”â”â”â”â”â”â”â”â”â”â”â”â”â”â”â”â”â”â”â”â”â”â”â”â”â” 70.4/70.4 kB 200.0 MB/s eta 0:00:00[2025-10-12 05:13:52.141381] 
Downloading joblib-1.5.2-py3-none-any.whl (308 kB)
   â”â”â”â”â”â”â”â”â”â”â”â”â”â”â”â”â”â”â”â”â”â”â”â”â”â”â”â”â”â”â”â”â”â”â”â”â”â”â” 308.4/308.4 kB 179.8 MB/s eta 0:00:00[2025-10-12 05:13:52.155877] 
Downloading narwhals-2.7.0-py3-none-any.whl (412 kB)
   â”â”â”â”â”â”â”â”â”â”â”â”â”â”â”â”â”â”â”â”â”â”â”â”â”â”â”â”â”â”â”â”â”â”â”â”â”â”â” 412.8/412.8 kB 247.3 MB/s eta 0:00:00[2025-10-12 05:13:52.174099] 
Downloading packaging-25.0-py3-none-any.whl (66 kB)
   â”â”â”â”â”â”â”â”â”â”â”â”â”â”â”â”â”â”â”â”â”â”â”â”â”â”â”â”â”â”â”â”â”â”â”â”â”â”â”â” 66.5/66.5 kB 201.5 MB/s eta 0:00:00[2025-10-12 05:13:52.186253] 
Downloading protobuf-6.32.1-cp39-abi3-manylinux2014_x86_64.whl (322 kB)
   â”â”â”â”â”â”â”â”â”â”â”â”â”â”â”â”â”â”â”â”â”â”â”â”â”â”â”â”â”â”â”â”â”â”â”â”â”â”â” 322.0/322.0 kB 169.1 MB/s eta 0:00:00[2025-10-12 05:13:52.200257] 
Downloading pyarrow-21.0.0-cp310-cp310-manylinux_2_28_x86_64.whl (42.7 MB)
   â”â”â”â”â”â”â”â”â”â”â”â”â”â”â”â”â”â”â”â”â”â”â”â”â”â”â”â”â”â”â”â”â”â”â”â”â”â”â”â” 42.7/42.7 MB 163.3 MB/s eta 0:00:00[2025-10-12 05:13:52.475364] 
Downloading pydeck-0.9.1-py2.py3-none-any.whl (6.9 MB)
   â”â”â”â”â”â”â”â”â”â”â”â”â”â”â”â”â”â”â”â”â”â”â”â”â”â”â”â”â”â”â”â”â”â”â”â”â”â”â”â” 6.9/6.9 MB 164.9 MB/s eta 0:00:00[2025-10-12 05:13:52.530864] 
Downloading jinja2-3.1.6-py3-none-any.whl (134 kB)
   â”â”â”â”â”â”â”â”â”â”â”â”â”â”â”â”â”â”â”â”â”â”â”â”â”â”â”â”â”â”â”â”â”â”â”â”â”â”â” 134.9/134.9 kB 196.1 MB/s eta 0:00:00[2025-10-12 05:13:52.544042] 
Downloading python_dateutil-2.9.0.post0-py2.py3-none-any.whl (229 kB)
   â”â”â”â”â”â”â”â”â”â”â”â”â”â”â”â”â”â”â”â”â”â”â”â”â”â”â”â”â”â”â”â”â”â”â”â”â”â”â” 229.9/229.9 kB 235.7 MB/s eta 0:00:00[2025-10-12 05:13:52.557260] 
Downloading pytz-2025.2-py2.py3-none-any.whl (509 kB)
   â”â”â”â”â”â”â”â”â”â”â”â”â”â”â”â”â”â”â”â”â”â”â”â”â”â”â”â”â”â”â”â”â”â”â”â”â”â”â” 509.2/509.2 kB 190.3 MB/s eta 0:00:00[2025-10-12 05:13:52.572478] 
Downloading pyyaml-6.0.3-cp310-cp310-manylinux2014_x86_64.manylinux_2_17_x86_64.manylinux_2_28_x86_64.whl (770 kB)
   â”â”â”â”â”â”â”â”â”â”â”â”â”â”â”â”â”â”â”â”â”â”â”â”â”â”â”â”â”â”â”â”â”â”â”â”â”â”â” 770.3/770.3 kB 172.8 MB/s eta 0:00:00[2025-10-12 05:13:52.592392] 
Downloading regex-2025.9.18-cp310-cp310-manylinux2014_x86_64.manylinux_2_17_x86_64.manylinux_2_28_x86_64.whl (789 kB)
   â”â”â”â”â”â”â”â”â”â”â”â”â”â”â”â”â”â”â”â”â”â”â”â”â”â”â”â”â”â”â”â”â”â”â”â”â”â”â” 789.9/789.9 kB 130.5 MB/s eta 0:00:00[2025-10-12 05:13:52.612312] 
Downloading safetensors-0.6.2-cp38-abi3-manylinux_2_17_x86_64.manylinux2014_x86_64.whl (485 kB)
   â”â”â”â”â”â”â”â”â”â”â”â”â”â”â”â”â”â”â”â”â”â”â”â”â”â”â”â”â”â”â”â”â”â”â”â”â”â”â” 485.8/485.8 kB 144.1 MB/s eta 0:00:00[2025-10-12 05:13:52.630514] 
Downloading sympy-1.14.0-py3-none-any.whl (6.3 MB)
   â”â”â”â”â”â”â”â”â”â”â”â”â”â”â”â”â”â”â”â”â”â”â”â”â”â”â”â”â”â”â”â”â”â”â”â”â”â”â”â” 6.3/6.3 MB 122.4 MB/s eta 0:00:00[2025-10-12 05:13:52.697100] 
Downloading tenacity-9.1.2-py3-none-any.whl (28 kB)
Downloading threadpoolctl-3.6.0-py3-none-any.whl (18 kB)
Downloading tokenizers-0.22.1-cp39-abi3-manylinux_2_17_x86_64.manylinux2014_x86_64.whl (3.3 MB)
   â”â”â”â”â”â”â”â”â”â”â”â”â”â”â”â”â”â”â”â”â”â”â”â”â”â”â”â”â”â”â”â”â”â”â”â”â”â”â”â” 3.3/3.3 MB 152.6 MB/s eta 0:00:00[2025-10-12 05:13:52.755063] 
Downloading toml-0.10.2-py2.py3-none-any.whl (16 kB)
Downloading tornado-6.5.2-cp39-abi3-manylinux_2_5_x86_64.manylinux1_x86_64.manylinux_2_17_x86_64.manylinux2014_x86_64.whl (443 kB)
   â”â”â”â”â”â”â”â”â”â”â”â”â”â”â”â”â”â”â”â”â”â”â”â”â”â”â”â”â”â”â”â”â”â”â”â”â”â”â” 443.9/443.9 kB 156.1 MB/s eta 0:00:00[2025-10-12 05:13:52.784125] 
Downloading tqdm-4.67.1-py3-none-any.whl (78 kB)
   â”â”â”â”â”â”â”â”â”â”â”â”â”â”â”â”â”â”â”â”â”â”â”â”â”â”â”â”â”â”â”â”â”â”â”â”â”â”â”â” 78.5/78.5 kB 212.0 MB/s eta 0:00:00[2025-10-12 05:13:52.797440] 
Downloading typing_extensions-4.15.0-py3-none-any.whl (44 kB)
   â”â”â”â”â”â”â”â”â”â”â”â”â”â”â”â”â”â”â”â”â”â”â”â”â”â”â”â”â”â”â”â”â”â”â”â”â”â”â”â” 44.6/44.6 kB 171.6 MB/s eta 0:00:00[2025-10-12 05:13:52.809598] 
Downloading tzdata-2025.2-py2.py3-none-any.whl (347 kB)
   â”â”â”â”â”â”â”â”â”â”â”â”â”â”â”â”â”â”â”â”â”â”â”â”â”â”â”â”â”â”â”â”â”â”â”â”â”â”â” 347.8/347.8 kB 190.5 MB/s eta 0:00:00[2025-10-12 05:13:52.824040] 
Downloading urllib3-2.5.0-py3-none-any.whl (129 kB)
   â”â”â”â”â”â”â”â”â”â”â”â”â”â”â”â”â”â”â”â”â”â”â”â”â”â”â”â”â”â”â”â”â”â”â”â”â”â”â” 129.8/129.8 kB 138.5 MB/s eta 0:00:00[2025-10-12 05:13:52.846742] 
Downloading watchdog-6.0.0-py3-none-manylinux2014_x86_64.whl (79 kB)
   â”â”â”â”â”â”â”â”â”â”â”â”â”â”â”â”â”â”â”â”â”â”â”â”â”â”â”â”â”â”â”â”â”â”â”â”â”â”â”â” 79.1/79.1 kB 139.5 MB/s eta 0:00:00[2025-10-12 05:13:52.861667] 
Downloading filelock-3.20.0-py3-none-any.whl (16 kB)
Downloading networkx-3.4.2-py3-none-any.whl (1.7 MB)
   â”â”â”â”â”â”â”â”â”â”â”â”â”â”â”â”â”â”â”â”â”â”â”â”â”â”â”â”â”â”â”â”â”â”â”â”â”â”â”â” 1.7/1.7 MB 154.7 MB/s eta 0:00:00[2025-10-12 05:13:52.896945] 
Downloading gitdb-4.0.12-py3-none-any.whl (62 kB)
   â”â”â”â”â”â”â”â”â”â”â”â”â”â”â”â”â”â”â”â”â”â”â”â”â”â”â”â”â”â”â”â”â”â”â”â”â”â”â”â” 62.8/62.8 kB 201.7 MB/s eta 0:00:00[2025-10-12 05:13:52.910042] 
Downloading hf_xet-1.1.10-cp37-abi3-manylinux_2_17_x86_64.manylinux2014_x86_64.whl (3.2 MB)
   â”â”â”â”â”â”â”â”â”â”â”â”â”â”â”â”â”â”â”â”â”â”â”â”â”â”â”â”â”â”â”â”â”â”â”â”â”â”â”â” 3.2/3.2 MB 150.4 MB/s eta 0:00:00[2025-10-12 05:13:52.945476] 
Downloading jsonschema-4.25.1-py3-none-any.whl (90 kB)
   â”â”â”â”â”â”â”â”â”â”â”â”â”â”â”â”â”â”â”â”â”â”â”â”â”â”â”â”â”â”â”â”â”â”â”â”â”â”â”â” 90.0/90.0 kB 122.6 MB/s eta 0:00:00[2025-10-12 05:13:52.960652] 
Downloading markupsafe-3.0.3-cp310-cp310-manylinux2014_x86_64.manylinux_2_17_x86_64.manylinux_2_28_x86_64.whl (20 kB)
Downloading mpmath-1.3.0-py3-none-any.whl (536 kB)
   â”â”â”â”â”â”â”â”â”â”â”â”â”â”â”â”â”â”â”â”â”â”â”â”â”â”â”â”â”â”â”â”â”â”â”â”â”â”â” 536.2/536.2 kB 151.7 MB/s eta 0:00:00[2025-10-12 05:13:52.991426] 
Downloading six-1.17.0-py2.py3-none-any.whl (11 kB)
Downloading attrs-25.4.0-py3-none-any.whl (67 kB)
   â”â”â”â”â”â”â”â”â”â”â”â”â”â”â”â”â”â”â”â”â”â”â”â”â”â”â”â”â”â”â”â”â”â”â”â”â”â”â”â” 67.6/67.6 kB 140.6 MB/s eta 0:00:00[2025-10-12 05:13:53.017199] 
Downloading jsonschema_specifications-2025.9.1-py3-none-any.whl (18 kB)
Downloading referencing-0.36.2-py3-none-any.whl (26 kB)
Downloading rpds_py-0.27.1-cp310-cp310-manylinux_2_17_x86_64.manylinux2014_x86_64.whl (384 kB)
   â”â”â”â”â”â”â”â”â”â”â”â”â”â”â”â”â”â”â”â”â”â”â”â”â”â”â”â”â”â”â”â”â”â”â”â”â”â”â” 384.1/384.1 kB 162.3 MB/s eta 0:00:00[2025-10-12 05:13:53.056259] 
Downloading smmap-5.0.2-py3-none-any.whl (24 kB)
Building wheels for collected packages: dlib, face-recognition-models
  Building wheel for dlib (pyproject.toml): started
  Building wheel for dlib (pyproject.toml): finished with status 'error'
  error: subprocess-exited-with-error
  
  Ã— Building wheel for dlib (pyproject.toml) did not run successfully.
  â”‚ exit code: 1
  â•°â”€> [99 lines of output]
      <string>:190: SetuptoolsDeprecationWarning: The test command is disabled and references to it are deprecated.
      !!
      
              ********************************************************************************
              Please remove any references to `setuptools.command.test` in all supported versions of the affected package.
      
              This deprecation is overdue, please update your project and remove deprecated
              calls to avoid build errors in the future.
              ********************************************************************************
      
      !!
      /tmp/pip-build-env-l0cbfi_q/overlay/lib/python3.10/site-packages/setuptools/_distutils/dist.py:289: UserWarning: Unknown distribution option: 'tests_require'
        warnings.warn(msg)
      running bdist_wheel
      running build
      running build_ext
      Building extension for Python 3.10.18 (main, Sep 30 2025, 00:45:56) [GCC 12.2.0]
      Invoking CMake setup: 'cmake /tmp/pip-install-zeq76sf8/dlib_8e355834bbc84690977a8dfcdd69ec9e/tools/python -DCMAKE_LIBRARY_OUTPUT_DIRECTORY=/tmp/pip-install-zeq76sf8/dlib_8e355834bbc84690977a8dfcdd69ec9e/build/lib.linux-x86_64-cpython-310 -DPYTHON_EXECUTABLE=/home/adminuser/venv/bin/python -DCMAKE_BUILD_TYPE=Release'
      CMake Deprecation Warning at CMakeLists.txt:2 (CMAKE_MINIMUM_REQUIRED):
        Compatibility with CMake < 3.10 will be removed from a future version of
        CMake.
      
        Update the VERSION argument <min> value.  Or, use the <min>...<max> syntax
        to tell CMake that the project requires at least <min> but has been updated
        to work with policies introduced by <max> or earlier.
      
      
      -- The C compiler identification is GNU 12.2.0
      -- The CXX compiler identification is GNU 12.2.0
      -- Detecting C compiler ABI info
      -- Detecting C compiler ABI info - done
      -- Check for working C compiler: /usr/bin/cc - skipped
      -- Detecting C compile features
      -- Detecting C compile features - done
      -- Detecting CXX compiler ABI info
      -- Detecting CXX compiler ABI info - done
      -- Check for working CXX compiler: /usr/bin/c++ - skipped
      -- Detecting CXX compile features
      -- Detecting CXX compile features - done
      CMake Error at /tmp/pip-install-zeq76sf8/dlib_8e355834bbc84690977a8dfcdd69ec9e/dlib/external/pybind11/CMakeLists.txt:8 (cmake_minimum_required):
        Compatibility with CMake < 3.5 has been removed from CMake.
      
        Update the VERSION argument <min> value.  Or, use the <min>...<max> syntax
        to tell CMake that the project requires at least <min> but has been updated
        to work with policies introduced by <max> or earlier.
      
        Or, add -DCMAKE_POLICY_VERSION_MINIMUM=3.5 to try configuring anyway.
      
      
      -- Configuring incomplete, errors occurred!
      Traceback (most recent call last):
        File "/home/adminuser/venv/lib/python3.10/site-packages/pip/_vendor/pyproject_hooks/_in_process/_in_process.py", line 353, in <module>
          main()
        File "/home/adminuser/venv/lib/python3.10/site-packages/pip/_vendor/pyproject_hooks/_in_process/_in_process.py", line 335, in main
          json_out['return_val'] = hook(**hook_input['kwargs'])
        File "/home/adminuser/venv/lib/python3.10/site-packages/pip/_vendor/pyproject_hooks/_in_process/_in_process.py", line 251, in build_wheel
          return _build_backend().build_wheel(wheel_directory, config_settings,
        File "/tmp/pip-build-env-l0cbfi_q/overlay/lib/python3.10/site-packages/setuptools/build_meta.py", line 435, in build_wheel
          return _build(['bdist_wheel', '--dist-info-dir', str(metadata_directory)])
        File "/tmp/pip-build-env-l0cbfi_q/overlay/lib/python3.10/site-packages/setuptools/build_meta.py", line 423, in _build
          return self._build_with_temp_dir(
        File "/tmp/pip-build-env-l0cbfi_q/overlay/lib/python3.10/site-packages/setuptools/build_meta.py", line 404, in _build_with_temp_dir
          self.run_setup()
        File "/tmp/pip-build-env-l0cbfi_q/overlay/lib/python3.10/site-packages/setuptools/build_meta.py", line 317, in run_setup
          exec(code, locals())
        File "<string>", line 218, in <module>
        File "/tmp/pip-build-env-l0cbfi_q/overlay/lib/python3.10/site-packages/setuptools/__init__.py", line 115, in setup
          return distutils.core.setup(**attrs)
        File "/tmp/pip-build-env-l0cbfi_q/overlay/lib/python3.10/site-packages/setuptools/_distutils/core.py", line 186, in setup
          return run_commands(dist)
        File "/tmp/pip-build-env-l0cbfi_q/overlay/lib/python3.10/site-packages/setuptools/_distutils/core.py", line 202, in run_commands
          dist.run_commands()
        File "/tmp/pip-build-env-l0cbfi_q/overlay/lib/python3.10/site-packages/setuptools/_distutils/dist.py", line 1002, in run_commands
          self.run_command(cmd)
        File "/tmp/pip-build-env-l0cbfi_q/overlay/lib/python3.10/site-packages/setuptools/dist.py", line 1102, in run_command
          super().run_command(command)
        File "/tmp/pip-build-env-l0cbfi_q/overlay/lib/python3.10/site-packages/setuptools/_distutils/dist.py", line 1021, in run_command
          cmd_obj.run()
        File "/tmp/pip-build-env-l0cbfi_q/overlay/lib/python3.10/site-packages/setuptools/command/bdist_wheel.py", line 370, in run
          self.run_command("build")
        File "/tmp/pip-build-env-l0cbfi_q/overlay/lib/python3.10/site-packages/setuptools/_distutils/cmd.py", line 357, in run_command
          self.distribution.run_command(command)
        File "/tmp/pip-build-env-l0cbfi_q/overlay/lib/python3.10/site-packages/setuptools/dist.py", line 1102, in run_command
          super().run_command(command)
        File "/tmp/pip-build-env-l0cbfi_q/overlay/lib/python3.10/site-packages/setuptools/_distutils/dist.py", line 1021, in run_command
          cmd_obj.run()
        File "/tmp/pip-build-env-l0cbfi_q/overlay/lib/python3.10/site-packages/setuptools/_distutils/command/build.py", line 135, in run
          self.run_command(cmd_name)
        File "/tmp/pip-build-env-l0cbfi_q/overlay/lib/python3.10/site-packages/setuptools/_distutils/cmd.py", line 357, in run_command
          self.distribution.run_command(command)
        File "/tmp/pip-build-env-l0cbfi_q/overlay/lib/python3.10/site-packages/setuptools/dist.py", line 1102, in run_command
          super().run_command(command)
        File "/tmp/pip-build-env-l0cbfi_q/overlay/lib/python3.10/site-packages/setuptools/_distutils/dist.py", line 1021, in run_command
          cmd_obj.run()
        File "<string>", line 130, in run
        File "<string>", line 167, in build_extension
        File "/usr/local/lib/python3.10/subprocess.py", line 369, in check_call
          raise CalledProcessError(retcode, cmd)
      subprocess.CalledProcessError: Command '['cmake', '/tmp/pip-install-zeq76sf8/dlib_8e355834bbc84690977a8dfcdd69ec9e/tools/python', '-DCMAKE_LIBRARY_OUTPUT_DIRECTORY=/tmp/pip-install-zeq76sf8/dlib_8e355834bbc84690977a8dfcdd69ec9e/build/lib.linux-x86_64-cpython-310', '-DPYTHON_EXECUTABLE=/home/adminuser/venv/bin/python', '-DCMAKE_BUILD_TYPE=Release']' returned non-zero exit status 1.
      [end of output]
  
  note: This error originates from a subprocess, and is likely not a problem with pip.
  ERROR: Failed building wheel for dlib
  Building wheel for face-recognition-models (pyproject.toml): started